;  LST file generated by mikroListExporter - v.2.0 
; Date/Time: 19/04/2018 16:38:54
;----------------------------------------------

;Address Opcode 	ASM
0x0000	0xF005EF02  	GOTO        2564
_interrupt:
;Emisor.c,7 :: 		void interrupt(){
0x0008	0xF019C000  	MOVFF       R0, 25
0x000C	0xF018C001  	MOVFF       R1, 24
0x0010	0xF017C00B  	MOVFF       R11, 23
0x0014	0xF016C00C  	MOVFF       R12, 22
0x0018	0xF015C00D  	MOVFF       R13, 21
;Emisor.c,9 :: 		if(PIR1.ADIF){
0x001C	0xAC9E      	BTFSS       PIR1, 6 
0x001E	0xD091      	BRA         L_interrupt0
;Emisor.c,10 :: 		valor = ADRESL+(ADRESH<<8); //Se recoge el valor del convertidor A/D
0x0020	0xF001CFC4  	MOVFF       ADRESH, R1
0x0024	0x6A00      	CLRF        R0 
0x0026	0x50C3      	MOVF        ADRESL, 0 
0x0028	0x2600      	ADDWF       R0, 1 
0x002A	0x0E00      	MOVLW       0
0x002C	0x2201      	ADDWFC      R1, 1 
0x002E	0xF01AC000  	MOVFF       R0, _valor
0x0032	0xF01BC001  	MOVFF       R1, _valor+1
;Emisor.c,11 :: 		temperatura =100.0*((valor*(5.0/1024.0))-0.5);//((valor*(5.0/1024.0))-0.5)/0.01;
0x0036	0xDBF6      	RCALL       _int2double
0x0038	0x0E00      	MOVLW       0
0x003A	0x6E04      	MOVWF       R4 
0x003C	0x0E00      	MOVLW       0
0x003E	0x6E05      	MOVWF       R5 
0x0040	0x0E20      	MOVLW       32
0x0042	0x6E06      	MOVWF       R6 
0x0044	0x0E77      	MOVLW       119
0x0046	0x6E07      	MOVWF       R7 
0x0048	0xF004EC68  	CALL        _Mul_32x32_FP, 0
0x004C	0x0E00      	MOVLW       0
0x004E	0x6E04      	MOVWF       R4 
0x0050	0x0E00      	MOVLW       0
0x0052	0x6E05      	MOVWF       R5 
0x0054	0x0E00      	MOVLW       0
0x0056	0x6E06      	MOVWF       R6 
0x0058	0x0E7E      	MOVLW       126
0x005A	0x6E07      	MOVWF       R7 
0x005C	0xF004EC65  	CALL        _Sub_32x32_FP, 0
0x0060	0x0E00      	MOVLW       0
0x0062	0x6E04      	MOVWF       R4 
0x0064	0x0E00      	MOVLW       0
0x0066	0x6E05      	MOVWF       R5 
0x0068	0x0E48      	MOVLW       72
0x006A	0x6E06      	MOVWF       R6 
0x006C	0x0E85      	MOVLW       133
0x006E	0x6E07      	MOVWF       R7 
0x0070	0xF004EC68  	CALL        _Mul_32x32_FP, 0
0x0074	0xF01CC000  	MOVFF       R0, _temperatura
0x0078	0xF01DC001  	MOVFF       R1, _temperatura+1
0x007C	0xF01EC002  	MOVFF       R2, _temperatura+2
0x0080	0xF01FC003  	MOVFF       R3, _temperatura+3
;Emisor.c,12 :: 		puntero = &temperatura; //puntero guarda la dirección en memoria de la variable temperatura
0x0084	0x0E1C      	MOVLW       _temperatura
0x0086	0x6E20      	MOVWF       _puntero 
0x0088	0x0E00      	MOVLW       hi_addr(_temperatura)
0x008A	0x6E21      	MOVWF       _puntero+1 
;Emisor.c,14 :: 		UART1_Write(*puntero); // envía por Uart 1a posicion memoria
0x008C	0xFFE9C020  	MOVFF       _puntero, FSR0L
0x0090	0xFFEAC021  	MOVFF       _puntero+1, FSR0H
0x0094	0xF032CFEE  	MOVFF       POSTINC0, FARG_UART1_Write_data_
0x0098	0xF004ECFB  	CALL        _UART1_Write, 0
;Emisor.c,15 :: 		delay_ms(100);
0x009C	0x0E02      	MOVLW       2
0x009E	0x6E0B      	MOVWF       R11, 0
0x00A0	0x0E04      	MOVLW       4
0x00A2	0x6E0C      	MOVWF       R12, 0
0x00A4	0x0EBA      	MOVLW       186
0x00A6	0x6E0D      	MOVWF       R13, 0
L_interrupt1:
0x00A8	0x2E0D      	DECFSZ      R13, 1, 0
0x00AA	0xD7FE      	BRA         L_interrupt1
0x00AC	0x2E0C      	DECFSZ      R12, 1, 0
0x00AE	0xD7FC      	BRA         L_interrupt1
0x00B0	0x2E0B      	DECFSZ      R11, 1, 0
0x00B2	0xD7FA      	BRA         L_interrupt1
0x00B4	0x0000      	NOP
;Emisor.c,16 :: 		UART1_Write(*(puntero+1)); // envía por Uart 2a posicion memoria
0x00B6	0x0E01      	MOVLW       1
0x00B8	0x2420      	ADDWF       _puntero, 0 
0x00BA	0x6EE9      	MOVWF       FSR0L 
0x00BC	0x0E00      	MOVLW       0
0x00BE	0x2021      	ADDWFC      _puntero+1, 0 
0x00C0	0x6EEA      	MOVWF       FSR0H 
0x00C2	0xF032CFEE  	MOVFF       POSTINC0, FARG_UART1_Write_data_
0x00C6	0xF004ECFB  	CALL        _UART1_Write, 0
;Emisor.c,17 :: 		delay_ms(100);
0x00CA	0x0E02      	MOVLW       2
0x00CC	0x6E0B      	MOVWF       R11, 0
0x00CE	0x0E04      	MOVLW       4
0x00D0	0x6E0C      	MOVWF       R12, 0
0x00D2	0x0EBA      	MOVLW       186
0x00D4	0x6E0D      	MOVWF       R13, 0
L_interrupt2:
0x00D6	0x2E0D      	DECFSZ      R13, 1, 0
0x00D8	0xD7FE      	BRA         L_interrupt2
0x00DA	0x2E0C      	DECFSZ      R12, 1, 0
0x00DC	0xD7FC      	BRA         L_interrupt2
0x00DE	0x2E0B      	DECFSZ      R11, 1, 0
0x00E0	0xD7FA      	BRA         L_interrupt2
0x00E2	0x0000      	NOP
;Emisor.c,18 :: 		UART1_Write(*(puntero+2)); // envía por Uart 3a posicion memoria
0x00E4	0x0E02      	MOVLW       2
0x00E6	0x2420      	ADDWF       _puntero, 0 
0x00E8	0x6EE9      	MOVWF       FSR0L 
0x00EA	0x0E00      	MOVLW       0
0x00EC	0x2021      	ADDWFC      _puntero+1, 0 
0x00EE	0x6EEA      	MOVWF       FSR0H 
0x00F0	0xF032CFEE  	MOVFF       POSTINC0, FARG_UART1_Write_data_
0x00F4	0xF004ECFB  	CALL        _UART1_Write, 0
;Emisor.c,19 :: 		delay_ms(100);
0x00F8	0x0E02      	MOVLW       2
0x00FA	0x6E0B      	MOVWF       R11, 0
0x00FC	0x0E04      	MOVLW       4
0x00FE	0x6E0C      	MOVWF       R12, 0
0x0100	0x0EBA      	MOVLW       186
0x0102	0x6E0D      	MOVWF       R13, 0
L_interrupt3:
0x0104	0x2E0D      	DECFSZ      R13, 1, 0
0x0106	0xD7FE      	BRA         L_interrupt3
0x0108	0x2E0C      	DECFSZ      R12, 1, 0
0x010A	0xD7FC      	BRA         L_interrupt3
0x010C	0x2E0B      	DECFSZ      R11, 1, 0
0x010E	0xD7FA      	BRA         L_interrupt3
0x0110	0x0000      	NOP
;Emisor.c,20 :: 		UART1_Write(*(puntero+3)); // envía por Uart 4a posicion memoria
0x0112	0x0E03      	MOVLW       3
0x0114	0x2420      	ADDWF       _puntero, 0 
0x0116	0x6EE9      	MOVWF       FSR0L 
0x0118	0x0E00      	MOVLW       0
0x011A	0x2021      	ADDWFC      _puntero+1, 0 
0x011C	0x6EEA      	MOVWF       FSR0H 
0x011E	0xF032CFEE  	MOVFF       POSTINC0, FARG_UART1_Write_data_
0x0122	0xF004ECFB  	CALL        _UART1_Write, 0
;Emisor.c,21 :: 		delay_ms(100);
0x0126	0x0E02      	MOVLW       2
0x0128	0x6E0B      	MOVWF       R11, 0
0x012A	0x0E04      	MOVLW       4
0x012C	0x6E0C      	MOVWF       R12, 0
0x012E	0x0EBA      	MOVLW       186
0x0130	0x6E0D      	MOVWF       R13, 0
L_interrupt4:
0x0132	0x2E0D      	DECFSZ      R13, 1, 0
0x0134	0xD7FE      	BRA         L_interrupt4
0x0136	0x2E0C      	DECFSZ      R12, 1, 0
0x0138	0xD7FC      	BRA         L_interrupt4
0x013A	0x2E0B      	DECFSZ      R11, 1, 0
0x013C	0xD7FA      	BRA         L_interrupt4
0x013E	0x0000      	NOP
;Emisor.c,23 :: 		PIR1.RCIF = 0;
0x0140	0x9A9E      	BCF         PIR1, 5 
;Emisor.c,24 :: 		}
L_interrupt0:
;Emisor.c,26 :: 		if(INTCON.TMR0IF){
0x0142	0xA4F2      	BTFSS       INTCON, 2 
0x0144	0xD006      	BRA         L_interrupt5
;Emisor.c,27 :: 		TMR0H = (18661>>8); //1,5seg
0x0146	0x0E48      	MOVLW       72
0x0148	0x6ED7      	MOVWF       TMR0H 
;Emisor.c,28 :: 		TMR0L = 18661;
0x014A	0x0EE5      	MOVLW       229
0x014C	0x6ED6      	MOVWF       TMR0L 
;Emisor.c,30 :: 		ADCON0.GO = 1; // inicia conversion A/D
0x014E	0x82C2      	BSF         ADCON0, 1 
;Emisor.c,31 :: 		INTCON.TMR0IF = 0;
0x0150	0x94F2      	BCF         INTCON, 2 
;Emisor.c,32 :: 		}
L_interrupt5:
;Emisor.c,33 :: 		}
L_end_interrupt:
L__interrupt10:
0x0152	0xF000C019  	MOVFF       25, R0
0x0156	0xF001C018  	MOVFF       24, R1
0x015A	0xF00BC017  	MOVFF       23, R11
0x015E	0xF00CC016  	MOVFF       22, R12
0x0162	0xF00DC015  	MOVFF       21, R13
0x0166	0x0011      	RETFIE      1
; end of _interrupt
_FIXSIGN32:
;__Lib_MathDouble.c,117 :: 		
;__Lib_MathDouble.c,121 :: 		
0x0168	0xAE0A      	BTFSS       R10, 7, 0
;__Lib_MathDouble.c,122 :: 		
0x016A	0x9E02      	BCF         R2, 7, 0
;__Lib_MathDouble.c,123 :: 		
0x016C	0x0E00      	MOVLW       0
;__Lib_MathDouble.c,125 :: 		
L_end_FIXSIGN32:
0x016E	0x0012      	RETURN      0
; end of _FIXSIGN32
_SETFUN32:
;__Lib_MathDouble.c,144 :: 		
;__Lib_MathDouble.c,152 :: 		
0x0170	0x840B      	BSF         R11, 2, 0
;__Lib_MathDouble.c,153 :: 		
0x0172	0xAE0B      	BTFSS       R11, 7, 0
;__Lib_MathDouble.c,154 :: 		
0x0174	0xF000EFC3  	GOTO        SETFUN32EEE
;__Lib_MathDouble.c,156 :: 		
0x0178	0x0E01      	MOVLW       1
;__Lib_MathDouble.c,157 :: 		
0x017A	0x6E03      	MOVWF       R3, 0
;__Lib_MathDouble.c,158 :: 		
0x017C	0x6A02      	CLRF        R2, 0
;__Lib_MathDouble.c,159 :: 		
0x017E	0x6A01      	CLRF        R1, 0
;__Lib_MathDouble.c,160 :: 		
0x0180	0x6A00      	CLRF        R0, 0
;__Lib_MathDouble.c,161 :: 		
0x0182	0x360A      	RLCF        R10, 1, 0
;__Lib_MathDouble.c,162 :: 		
0x0184	0x3202      	RRCF        R2, 1, 0
;__Lib_MathDouble.c,163 :: 		
SETFUN32EEE:
;__Lib_MathDouble.c,164 :: 		
0x0186	0x0EFF      	MOVLW       255
;__Lib_MathDouble.c,166 :: 		
L_end_SETFUN32:
0x0188	0x0012      	RETURN      0
; end of _SETFUN32
_SETFOV32:
;__Lib_MathDouble.c,82 :: 		
;__Lib_MathDouble.c,90 :: 		
0x018A	0x820B      	BSF         R11, 1, 0
;__Lib_MathDouble.c,91 :: 		
0x018C	0xAE0B      	BTFSS       R11, 7, 0
;__Lib_MathDouble.c,92 :: 		
0x018E	0xF000EFCF  	GOTO        SETFOV32EEE
;__Lib_MathDouble.c,94 :: 		
0x0192	0x6803      	SETF        R3, 0
;__Lib_MathDouble.c,95 :: 		
0x0194	0x6802      	SETF        R2, 0
;__Lib_MathDouble.c,96 :: 		
0x0196	0x6801      	SETF        R1, 0
;__Lib_MathDouble.c,97 :: 		
0x0198	0x6800      	SETF        R0, 0
;__Lib_MathDouble.c,98 :: 		
0x019A	0x360A      	RLCF        R10, 1, 0
;__Lib_MathDouble.c,99 :: 		
0x019C	0x3202      	RRCF        R2, 1, 0
;__Lib_MathDouble.c,100 :: 		
SETFOV32EEE:
;__Lib_MathDouble.c,101 :: 		
0x019E	0x0EFF      	MOVLW       255
;__Lib_MathDouble.c,103 :: 		
L_end_SETFOV32:
0x01A0	0x0012      	RETURN      0
; end of _SETFOV32
_RES032:
;__Lib_MathDouble.c,128 :: 		
;__Lib_MathDouble.c,134 :: 		
0x01A2	0x6A02      	CLRF        R2, 0
;__Lib_MathDouble.c,135 :: 		
0x01A4	0x6A01      	CLRF        R1, 0
;__Lib_MathDouble.c,136 :: 		
0x01A6	0x6A00      	CLRF        R0, 0
;__Lib_MathDouble.c,137 :: 		
0x01A8	0x6A08      	CLRF        R8, 0
;__Lib_MathDouble.c,138 :: 		
0x01AA	0x6A03      	CLRF        R3, 0
;__Lib_MathDouble.c,139 :: 		
0x01AC	0x0E00      	MOVLW       0
;__Lib_MathDouble.c,141 :: 		
L_end_RES032:
0x01AE	0x0012      	RETURN      0
; end of _RES032
_NRM4032:
;__Lib_MathDouble.c,174 :: 		
;__Lib_MathDouble.c,183 :: 		
0x01B0	0xB00C      	BTFSC       R12, 0, 0
;__Lib_MathDouble.c,184 :: 		
0x01B2	0xF001EF1A  	GOTO        NRMRND4032
;__Lib_MathDouble.c,185 :: 		
0x01B6	0xA20C      	BTFSS       R12, 1, 0
;__Lib_MathDouble.c,186 :: 		
0x01B8	0xF001EFC0  	GOTO        NRM40JPSETFOV32
;__Lib_MathDouble.c,188 :: 		
0x01BC	0x6A0E      	CLRF        R14, 0
;__Lib_MathDouble.c,189 :: 		
0x01BE	0x0E00      	MOVLW       0
;__Lib_MathDouble.c,190 :: 		
0x01C0	0x6402      	CPFSGT      R2, 0
;__Lib_MathDouble.c,191 :: 		
0x01C2	0xF001EF31  	GOTO        NRM4032A
;__Lib_MathDouble.c,194 :: 		
0x01C6	0x0EF0      	MOVLW       240
;__Lib_MathDouble.c,195 :: 		
0x01C8	0x1402      	ANDWF       R2, 0, 0
;__Lib_MathDouble.c,196 :: 		
0x01CA	0xA4D8      	BTFSS       STATUS, 2, 0
;__Lib_MathDouble.c,197 :: 		
0x01CC	0xF000EFFC  	GOTO        NORM4032
;__Lib_MathDouble.c,199 :: 		
0x01D0	0x3A02      	SWAPF       R2, 1, 0
;__Lib_MathDouble.c,200 :: 		
0x01D2	0x3801      	SWAPF       R1, 0, 0
;__Lib_MathDouble.c,201 :: 		
0x01D4	0x0B0F      	ANDLW       15
;__Lib_MathDouble.c,202 :: 		
0x01D6	0x2602      	ADDWF       R2, 1, 0
;__Lib_MathDouble.c,204 :: 		
0x01D8	0x3801      	SWAPF       R1, 0, 0
;__Lib_MathDouble.c,205 :: 		
0x01DA	0x0BF0      	ANDLW       240
;__Lib_MathDouble.c,206 :: 		
0x01DC	0x6E01      	MOVWF       R1, 0
;__Lib_MathDouble.c,207 :: 		
0x01DE	0x3800      	SWAPF       R0, 0, 0
;__Lib_MathDouble.c,208 :: 		
0x01E0	0x0B0F      	ANDLW       15
;__Lib_MathDouble.c,209 :: 		
0x01E2	0x2601      	ADDWF       R1, 1, 0
;__Lib_MathDouble.c,211 :: 		
0x01E4	0x3800      	SWAPF       R0, 0, 0
;__Lib_MathDouble.c,212 :: 		
0x01E6	0x0BF0      	ANDLW       240
;__Lib_MathDouble.c,213 :: 		
0x01E8	0x6E00      	MOVWF       R0, 0
;__Lib_MathDouble.c,214 :: 		
0x01EA	0x3808      	SWAPF       R8, 0, 0
;__Lib_MathDouble.c,215 :: 		
0x01EC	0x0B0F      	ANDLW       15
;__Lib_MathDouble.c,216 :: 		
0x01EE	0x2600      	ADDWF       R0, 1, 0
;__Lib_MathDouble.c,218 :: 		
0x01F0	0x3808      	SWAPF       R8, 0, 0
;__Lib_MathDouble.c,219 :: 		
0x01F2	0x0BF0      	ANDLW       240
;__Lib_MathDouble.c,220 :: 		
0x01F4	0x6E08      	MOVWF       R8, 0
;__Lib_MathDouble.c,222 :: 		
0x01F6	0x840E      	BSF         R14, 2, 0
;__Lib_MathDouble.c,224 :: 		
NORM4032:
;__Lib_MathDouble.c,225 :: 		
0x01F8	0x90D8      	BCF         STATUS, 0, 0
;__Lib_MathDouble.c,227 :: 		
0x01FA	0xBE02      	BTFSC       R2, 7, 0
;__Lib_MathDouble.c,228 :: 		
0x01FC	0xF001EF15  	GOTO        TNORMUN4032
;__Lib_MathDouble.c,229 :: 		
0x0200	0x3608      	RLCF        R8, 1, 0
;__Lib_MathDouble.c,230 :: 		
0x0202	0x3600      	RLCF        R0, 1, 0
;__Lib_MathDouble.c,231 :: 		
0x0204	0x3601      	RLCF        R1, 1, 0
;__Lib_MathDouble.c,232 :: 		
0x0206	0x3602      	RLCF        R2, 1, 0
;__Lib_MathDouble.c,233 :: 		
0x0208	0x2A0E      	INCF        R14, 1, 0
;__Lib_MathDouble.c,234 :: 		
0x020A	0xBE02      	BTFSC       R2, 7, 0
;__Lib_MathDouble.c,235 :: 		
0x020C	0xF001EF15  	GOTO        TNORMUN4032
;__Lib_MathDouble.c,236 :: 		
0x0210	0x3608      	RLCF        R8, 1, 0
;__Lib_MathDouble.c,237 :: 		
0x0212	0x3600      	RLCF        R0, 1, 0
;__Lib_MathDouble.c,238 :: 		
0x0214	0x3601      	RLCF        R1, 1, 0
;__Lib_MathDouble.c,239 :: 		
0x0216	0x3602      	RLCF        R2, 1, 0
;__Lib_MathDouble.c,240 :: 		
0x0218	0x2A0E      	INCF        R14, 1, 0
;__Lib_MathDouble.c,241 :: 		
0x021A	0xBE02      	BTFSC       R2, 7, 0
;__Lib_MathDouble.c,242 :: 		
0x021C	0xF001EF15  	GOTO        TNORMUN4032
;__Lib_MathDouble.c,243 :: 		
0x0220	0x3608      	RLCF        R8, 1, 0
;__Lib_MathDouble.c,244 :: 		
0x0222	0x3600      	RLCF        R0, 1, 0
;__Lib_MathDouble.c,245 :: 		
0x0224	0x3601      	RLCF        R1, 1, 0
;__Lib_MathDouble.c,246 :: 		
0x0226	0x3602      	RLCF        R2, 1, 0
;__Lib_MathDouble.c,247 :: 		
0x0228	0x2A0E      	INCF        R14, 1, 0
;__Lib_MathDouble.c,249 :: 		
TNORMUN4032:
;__Lib_MathDouble.c,250 :: 		
0x022A	0x500E      	MOVF        R14, 0, 0
;__Lib_MathDouble.c,251 :: 		
0x022C	0x6403      	CPFSGT      R3, 0
;__Lib_MathDouble.c,252 :: 		
0x022E	0xF001EFB6  	GOTO        NRM40JPSETFUN32
;__Lib_MathDouble.c,253 :: 		
0x0232	0x5E03      	SUBWF       R3, 1, 0
;__Lib_MathDouble.c,255 :: 		
NRMRND4032:
;__Lib_MathDouble.c,256 :: 		
0x0234	0xBC0B      	BTFSC       R11, 6, 0
;__Lib_MathDouble.c,257 :: 		
0x0236	0xAE08      	BTFSS       R8, 7, 0
;__Lib_MathDouble.c,258 :: 		
0x0238	0xF001EFBB  	GOTO        NRM40JPFIXSIGN32
;__Lib_MathDouble.c,259 :: 		
0x023C	0x80D8      	BSF         STATUS, 0, 0
;__Lib_MathDouble.c,260 :: 		
0x023E	0x0E80      	MOVLW       128
;__Lib_MathDouble.c,261 :: 		
0x0240	0x6408      	CPFSGT      R8, 0
;__Lib_MathDouble.c,262 :: 		
0x0242	0x3000      	RRCF        R0, 0, 0
;__Lib_MathDouble.c,263 :: 		
0x0244	0x0E00      	MOVLW       0
;__Lib_MathDouble.c,264 :: 		
0x0246	0x2200      	ADDWFC      R0, 1, 0
;__Lib_MathDouble.c,265 :: 		
0x0248	0x2201      	ADDWFC      R1, 1, 0
;__Lib_MathDouble.c,266 :: 		
0x024A	0x2202      	ADDWFC      R2, 1, 0
;__Lib_MathDouble.c,268 :: 		
0x024C	0xA0D8      	BTFSS       STATUS, 0, 0
;__Lib_MathDouble.c,269 :: 		
0x024E	0xF001EFBB  	GOTO        NRM40JPFIXSIGN32
;__Lib_MathDouble.c,270 :: 		
0x0252	0x3202      	RRCF        R2, 1, 0
;__Lib_MathDouble.c,271 :: 		
0x0254	0x3201      	RRCF        R1, 1, 0
;__Lib_MathDouble.c,272 :: 		
0x0256	0x3200      	RRCF        R0, 1, 0
;__Lib_MathDouble.c,273 :: 		
0x0258	0x4A03      	INFSNZ      R3, 1, 0
;__Lib_MathDouble.c,274 :: 		
0x025A	0xF001EFC0  	GOTO        NRM40JPSETFOV32
;__Lib_MathDouble.c,275 :: 		
0x025E	0xF001EFBB  	GOTO        NRM40JPFIXSIGN32
;__Lib_MathDouble.c,277 :: 		
NRM4032A:
;__Lib_MathDouble.c,278 :: 		
0x0262	0xF002C001  	MOVFF       R1, R2
;__Lib_MathDouble.c,279 :: 		
0x0266	0xF001C000  	MOVFF       R0, R1
;__Lib_MathDouble.c,280 :: 		
0x026A	0xF000C008  	MOVFF       R8, R0
;__Lib_MathDouble.c,281 :: 		
0x026E	0x6A08      	CLRF        R8, 0
;__Lib_MathDouble.c,282 :: 		
0x0270	0x0E00      	MOVLW       0
;__Lib_MathDouble.c,283 :: 		
0x0272	0x860E      	BSF         R14, 3, 0
;__Lib_MathDouble.c,284 :: 		
0x0274	0x6402      	CPFSGT      R2, 0
;__Lib_MathDouble.c,285 :: 		
0x0276	0xF001EF68  	GOTO        NRM4032B
;__Lib_MathDouble.c,288 :: 		
0x027A	0x0EF0      	MOVLW       240
;__Lib_MathDouble.c,289 :: 		
0x027C	0x1402      	ANDWF       R2, 0, 0
;__Lib_MathDouble.c,290 :: 		
0x027E	0xA4D8      	BTFSS       STATUS, 2, 0
;__Lib_MathDouble.c,291 :: 		
0x0280	0xF001EF50  	GOTO        NORM4032A
;__Lib_MathDouble.c,292 :: 		
0x0284	0x3A02      	SWAPF       R2, 1, 0
;__Lib_MathDouble.c,293 :: 		
0x0286	0x3801      	SWAPF       R1, 0, 0
;__Lib_MathDouble.c,294 :: 		
0x0288	0x0B0F      	ANDLW       15
;__Lib_MathDouble.c,295 :: 		
0x028A	0x2602      	ADDWF       R2, 1, 0
;__Lib_MathDouble.c,297 :: 		
0x028C	0x3801      	SWAPF       R1, 0, 0
;__Lib_MathDouble.c,298 :: 		
0x028E	0x0BF0      	ANDLW       240
;__Lib_MathDouble.c,299 :: 		
0x0290	0x6E01      	MOVWF       R1, 0
;__Lib_MathDouble.c,300 :: 		
0x0292	0x3800      	SWAPF       R0, 0, 0
;__Lib_MathDouble.c,301 :: 		
0x0294	0x0B0F      	ANDLW       15
;__Lib_MathDouble.c,302 :: 		
0x0296	0x2601      	ADDWF       R1, 1, 0
;__Lib_MathDouble.c,304 :: 		
0x0298	0x3800      	SWAPF       R0, 0, 0
;__Lib_MathDouble.c,305 :: 		
0x029A	0x0BF0      	ANDLW       240
;__Lib_MathDouble.c,306 :: 		
0x029C	0x6E00      	MOVWF       R0, 0
;__Lib_MathDouble.c,308 :: 		
0x029E	0x840E      	BSF         R14, 2, 0
;__Lib_MathDouble.c,310 :: 		
NORM4032A:
;__Lib_MathDouble.c,311 :: 		
0x02A0	0x90D8      	BCF         STATUS, 0, 0
;__Lib_MathDouble.c,313 :: 		
0x02A2	0xBE02      	BTFSC       R2, 7, 0
;__Lib_MathDouble.c,314 :: 		
0x02A4	0xF001EF15  	GOTO        TNORMUN4032
;__Lib_MathDouble.c,315 :: 		
0x02A8	0x3600      	RLCF        R0, 1, 0
;__Lib_MathDouble.c,316 :: 		
0x02AA	0x3601      	RLCF        R1, 1, 0
;__Lib_MathDouble.c,317 :: 		
0x02AC	0x3602      	RLCF        R2, 1, 0
;__Lib_MathDouble.c,318 :: 		
0x02AE	0x2A0E      	INCF        R14, 1, 0
;__Lib_MathDouble.c,319 :: 		
0x02B0	0xBE02      	BTFSC       R2, 7, 0
;__Lib_MathDouble.c,320 :: 		
0x02B2	0xF001EF15  	GOTO        TNORMUN4032
;__Lib_MathDouble.c,321 :: 		
0x02B6	0x3600      	RLCF        R0, 1, 0
;__Lib_MathDouble.c,322 :: 		
0x02B8	0x3601      	RLCF        R1, 1, 0
;__Lib_MathDouble.c,323 :: 		
0x02BA	0x3602      	RLCF        R2, 1, 0
;__Lib_MathDouble.c,324 :: 		
0x02BC	0x2A0E      	INCF        R14, 1, 0
;__Lib_MathDouble.c,325 :: 		
0x02BE	0xBE02      	BTFSC       R2, 7, 0
;__Lib_MathDouble.c,326 :: 		
0x02C0	0xF001EF15  	GOTO        TNORMUN4032
;__Lib_MathDouble.c,327 :: 		
0x02C4	0x3600      	RLCF        R0, 1, 0
;__Lib_MathDouble.c,328 :: 		
0x02C6	0x3601      	RLCF        R1, 1, 0
;__Lib_MathDouble.c,329 :: 		
0x02C8	0x3602      	RLCF        R2, 1, 0
;__Lib_MathDouble.c,330 :: 		
0x02CA	0x2A0E      	INCF        R14, 1, 0
;__Lib_MathDouble.c,331 :: 		
0x02CC	0xF001EF15  	GOTO        TNORMUN4032
;__Lib_MathDouble.c,333 :: 		
NRM4032B:
;__Lib_MathDouble.c,334 :: 		
0x02D0	0xF002C001  	MOVFF       R1, R2
;__Lib_MathDouble.c,335 :: 		
0x02D4	0xF001C000  	MOVFF       R0, R1
;__Lib_MathDouble.c,336 :: 		
0x02D8	0x6A00      	CLRF        R0, 0
;__Lib_MathDouble.c,337 :: 		
0x02DA	0x0E00      	MOVLW       0
;__Lib_MathDouble.c,338 :: 		
0x02DC	0x960E      	BCF         R14, 3, 0
;__Lib_MathDouble.c,339 :: 		
0x02DE	0x880E      	BSF         R14, 4, 0
;__Lib_MathDouble.c,340 :: 		
0x02E0	0x6402      	CPFSGT      R2, 0
;__Lib_MathDouble.c,341 :: 		
0x02E2	0xF001EF95  	GOTO        NRM4032C
;__Lib_MathDouble.c,344 :: 		
0x02E6	0x0EF0      	MOVLW       240
;__Lib_MathDouble.c,345 :: 		
0x02E8	0x1402      	ANDWF       R2, 0, 0
;__Lib_MathDouble.c,346 :: 		
0x02EA	0xA4D8      	BTFSS       STATUS, 2, 0
;__Lib_MathDouble.c,347 :: 		
0x02EC	0xF001EF80  	GOTO        NORM4032B
;__Lib_MathDouble.c,349 :: 		
0x02F0	0x3A02      	SWAPF       R2, 1, 0
;__Lib_MathDouble.c,350 :: 		
0x02F2	0x3801      	SWAPF       R1, 0, 0
;__Lib_MathDouble.c,351 :: 		
0x02F4	0x0B0F      	ANDLW       15
;__Lib_MathDouble.c,352 :: 		
0x02F6	0x2602      	ADDWF       R2, 1, 0
;__Lib_MathDouble.c,354 :: 		
0x02F8	0x3801      	SWAPF       R1, 0, 0
;__Lib_MathDouble.c,355 :: 		
0x02FA	0x0BF0      	ANDLW       240
;__Lib_MathDouble.c,356 :: 		
0x02FC	0x6E01      	MOVWF       R1, 0
;__Lib_MathDouble.c,358 :: 		
0x02FE	0x840E      	BSF         R14, 2, 0
;__Lib_MathDouble.c,360 :: 		
NORM4032B:
;__Lib_MathDouble.c,361 :: 		
0x0300	0x90D8      	BCF         STATUS, 0, 0
;__Lib_MathDouble.c,362 :: 		
0x0302	0xBE02      	BTFSC       R2, 7, 0
;__Lib_MathDouble.c,363 :: 		
0x0304	0xF001EF15  	GOTO        TNORMUN4032
;__Lib_MathDouble.c,364 :: 		
0x0308	0x3601      	RLCF        R1, 1, 0
;__Lib_MathDouble.c,365 :: 		
0x030A	0x3602      	RLCF        R2, 1, 0
;__Lib_MathDouble.c,366 :: 		
0x030C	0x2A0E      	INCF        R14, 1, 0
;__Lib_MathDouble.c,367 :: 		
0x030E	0xBE02      	BTFSC       R2, 7, 0
;__Lib_MathDouble.c,368 :: 		
0x0310	0xF001EF15  	GOTO        TNORMUN4032
;__Lib_MathDouble.c,369 :: 		
0x0314	0x3601      	RLCF        R1, 1, 0
;__Lib_MathDouble.c,370 :: 		
0x0316	0x3602      	RLCF        R2, 1, 0
;__Lib_MathDouble.c,371 :: 		
0x0318	0x2A0E      	INCF        R14, 1, 0
;__Lib_MathDouble.c,372 :: 		
0x031A	0xBE02      	BTFSC       R2, 7, 0
;__Lib_MathDouble.c,373 :: 		
0x031C	0xF001EF15  	GOTO        TNORMUN4032
;__Lib_MathDouble.c,374 :: 		
0x0320	0x3601      	RLCF        R1, 1, 0
;__Lib_MathDouble.c,375 :: 		
0x0322	0x3602      	RLCF        R2, 1, 0
;__Lib_MathDouble.c,376 :: 		
0x0324	0x2A0E      	INCF        R14, 1, 0
;__Lib_MathDouble.c,377 :: 		
0x0326	0xF001EF15  	GOTO        TNORMUN4032
;__Lib_MathDouble.c,379 :: 		
NRM4032C:
;__Lib_MathDouble.c,380 :: 		
0x032A	0xF002C001  	MOVFF       R1, R2
;__Lib_MathDouble.c,381 :: 		
0x032E	0x6A01      	CLRF        R1, 0
;__Lib_MathDouble.c,382 :: 		
0x0330	0x0E00      	MOVLW       0
;__Lib_MathDouble.c,383 :: 		
0x0332	0x860E      	BSF         R14, 3, 0
;__Lib_MathDouble.c,384 :: 		
0x0334	0x6402      	CPFSGT      R2, 0
;__Lib_MathDouble.c,385 :: 		
0x0336	0xF001EFC5  	GOTO        NRM40JPRES032
;__Lib_MathDouble.c,388 :: 		
0x033A	0x0EF0      	MOVLW       240
;__Lib_MathDouble.c,389 :: 		
0x033C	0x1402      	ANDWF       R2, 0, 0
;__Lib_MathDouble.c,390 :: 		
0x033E	0xA4D8      	BTFSS       STATUS, 2, 0
;__Lib_MathDouble.c,391 :: 		
0x0340	0xF001EFA4  	GOTO        NORM4032C
;__Lib_MathDouble.c,392 :: 		
0x0344	0x3A02      	SWAPF       R2, 1, 0
;__Lib_MathDouble.c,394 :: 		
0x0346	0x840E      	BSF         R14, 2, 0
;__Lib_MathDouble.c,396 :: 		
NORM4032C:
;__Lib_MathDouble.c,397 :: 		
0x0348	0x90D8      	BCF         STATUS, 0, 0
;__Lib_MathDouble.c,399 :: 		
0x034A	0xBE02      	BTFSC       R2, 7, 0
;__Lib_MathDouble.c,400 :: 		
0x034C	0xF001EF15  	GOTO        TNORMUN4032
;__Lib_MathDouble.c,401 :: 		
0x0350	0x3602      	RLCF        R2, 1, 0
;__Lib_MathDouble.c,402 :: 		
0x0352	0x2A0E      	INCF        R14, 1, 0
;__Lib_MathDouble.c,403 :: 		
0x0354	0xBE02      	BTFSC       R2, 7, 0
;__Lib_MathDouble.c,404 :: 		
0x0356	0xF001EF15  	GOTO        TNORMUN4032
;__Lib_MathDouble.c,405 :: 		
0x035A	0x3602      	RLCF        R2, 1, 0
;__Lib_MathDouble.c,406 :: 		
0x035C	0x2A0E      	INCF        R14, 1, 0
;__Lib_MathDouble.c,407 :: 		
0x035E	0xBE02      	BTFSC       R2, 7, 0
;__Lib_MathDouble.c,408 :: 		
0x0360	0xF001EF15  	GOTO        TNORMUN4032
;__Lib_MathDouble.c,409 :: 		
0x0364	0x3602      	RLCF        R2, 1, 0
;__Lib_MathDouble.c,410 :: 		
0x0366	0x2A0E      	INCF        R14, 1, 0
;__Lib_MathDouble.c,411 :: 		
0x0368	0xF001EF15  	GOTO        TNORMUN4032
;__Lib_MathDouble.c,413 :: 		
NRM40JPSETFUN32:
;__Lib_MathDouble.c,414 :: 		
0x036C	0x0E01      	MOVLW       1
;__Lib_MathDouble.c,415 :: 		
0x036E	0x6E0C      	MOVWF       R12, 0
;__Lib_MathDouble.c,417 :: 		
0x0370	0xDEFF      	RCALL       _SETFUN32
;__Lib_MathDouble.c,419 :: 		
0x0372	0xF001EFC8  	GOTO        NRM40EEE
;__Lib_MathDouble.c,420 :: 		
NRM40JPFIXSIGN32:
;__Lib_MathDouble.c,421 :: 		
0x0376	0x0E02      	MOVLW       2
;__Lib_MathDouble.c,422 :: 		
0x0378	0x6E0C      	MOVWF       R12, 0
;__Lib_MathDouble.c,424 :: 		
0x037A	0xDEF6      	RCALL       _FIXSIGN32
;__Lib_MathDouble.c,426 :: 		
0x037C	0xF001EFC8  	GOTO        NRM40EEE
;__Lib_MathDouble.c,427 :: 		
NRM40JPSETFOV32:
;__Lib_MathDouble.c,428 :: 		
0x0380	0x0E04      	MOVLW       4
;__Lib_MathDouble.c,429 :: 		
0x0382	0x6E0C      	MOVWF       R12, 0
;__Lib_MathDouble.c,431 :: 		
0x0384	0xDF02      	RCALL       _SETFOV32
;__Lib_MathDouble.c,433 :: 		
0x0386	0xF001EFC8  	GOTO        NRM40EEE
;__Lib_MathDouble.c,434 :: 		
NRM40JPRES032:
;__Lib_MathDouble.c,435 :: 		
0x038A	0x0E08      	MOVLW       8
;__Lib_MathDouble.c,436 :: 		
0x038C	0x6E0C      	MOVWF       R12, 0
;__Lib_MathDouble.c,438 :: 		
0x038E	0xDF09      	RCALL       _RES032
;__Lib_MathDouble.c,440 :: 		
NRM40EEE:
;__Lib_MathDouble.c,448 :: 		
L_end_NRM4032:
0x0390	0x0012      	RETURN      0
; end of _NRM4032
_NRM3232:
;__Lib_MathDouble.c,455 :: 		
;__Lib_MathDouble.c,463 :: 		
0x0392	0x6A0C      	CLRF        R12, 0
;__Lib_MathDouble.c,464 :: 		
0x0394	0x6A0E      	CLRF        R14, 0
;__Lib_MathDouble.c,465 :: 		
0x0396	0x5002      	MOVF        R2, 0, 0
;__Lib_MathDouble.c,466 :: 		
0x0398	0xA4D8      	BTFSS       STATUS, 2, 0
;__Lib_MathDouble.c,467 :: 		
0x039A	0xF001EFE2  	GOTO        NORM3232
;__Lib_MathDouble.c,468 :: 		
0x039E	0xF002C001  	MOVFF       R1, R2
;__Lib_MathDouble.c,469 :: 		
0x03A2	0xF001C000  	MOVFF       R0, R1
;__Lib_MathDouble.c,470 :: 		
0x03A6	0x6A00      	CLRF        R0, 0
;__Lib_MathDouble.c,471 :: 		
0x03A8	0x860E      	BSF         R14, 3, 0
;__Lib_MathDouble.c,473 :: 		
0x03AA	0x5002      	MOVF        R2, 0, 0
;__Lib_MathDouble.c,474 :: 		
0x03AC	0xA4D8      	BTFSS       STATUS, 2, 0
;__Lib_MathDouble.c,475 :: 		
0x03AE	0xF001EFE2  	GOTO        NORM3232
;__Lib_MathDouble.c,476 :: 		
0x03B2	0xF002C001  	MOVFF       R1, R2
;__Lib_MathDouble.c,477 :: 		
0x03B6	0x6A01      	CLRF        R1, 0
;__Lib_MathDouble.c,478 :: 		
0x03B8	0x960E      	BCF         R14, 3, 0
;__Lib_MathDouble.c,479 :: 		
0x03BA	0x880E      	BSF         R14, 4, 0
;__Lib_MathDouble.c,481 :: 		
0x03BC	0x5002      	MOVF        R2, 0, 0
;__Lib_MathDouble.c,482 :: 		
0x03BE	0xB4D8      	BTFSC       STATUS, 2, 0
;__Lib_MathDouble.c,483 :: 		
0x03C0	0xF001EFF4  	GOTO        JPNRES032
;__Lib_MathDouble.c,484 :: 		
NORM3232:
;__Lib_MathDouble.c,485 :: 		
0x03C4	0x500E      	MOVF        R14, 0, 0
;__Lib_MathDouble.c,486 :: 		
0x03C6	0x5E03      	SUBWF       R3, 1, 0
;__Lib_MathDouble.c,487 :: 		
0x03C8	0xA4D8      	BTFSS       STATUS, 2, 0
;__Lib_MathDouble.c,488 :: 		
0x03CA	0xA0D8      	BTFSS       STATUS, 0, 0
;__Lib_MathDouble.c,489 :: 		
0x03CC	0xF001EFF9  	GOTO        JPNSETFUN32
;__Lib_MathDouble.c,490 :: 		
0x03D0	0x90D8      	BCF         STATUS, 0, 0
;__Lib_MathDouble.c,491 :: 		
NORM3232A:
;__Lib_MathDouble.c,492 :: 		
0x03D2	0xBE02      	BTFSC       R2, 7, 0
;__Lib_MathDouble.c,493 :: 		
0x03D4	0xF001EFFE  	GOTO        JMPNFIXSIGN32
;__Lib_MathDouble.c,494 :: 		
0x03D8	0x3600      	RLCF        R0, 1, 0
;__Lib_MathDouble.c,495 :: 		
0x03DA	0x3601      	RLCF        R1, 1, 0
;__Lib_MathDouble.c,496 :: 		
0x03DC	0x3602      	RLCF        R2, 1, 0
;__Lib_MathDouble.c,497 :: 		
0x03DE	0x2E03      	DECFSZ      R3, 1, 0
;__Lib_MathDouble.c,498 :: 		
0x03E0	0xF001EFE9  	GOTO        NORM3232A
;__Lib_MathDouble.c,499 :: 		
0x03E4	0xF001EFF9  	GOTO        JPNSETFUN32
;__Lib_MathDouble.c,500 :: 		
JPNRES032:
;__Lib_MathDouble.c,501 :: 		
0x03E8	0x0E01      	MOVLW       1
;__Lib_MathDouble.c,502 :: 		
0x03EA	0x6E0C      	MOVWF       R12, 0
;__Lib_MathDouble.c,504 :: 		
0x03EC	0xDEDA      	RCALL       _RES032
;__Lib_MathDouble.c,506 :: 		
0x03EE	0xF002EF01  	GOTO        NORM32EEE
;__Lib_MathDouble.c,507 :: 		
JPNSETFUN32:
;__Lib_MathDouble.c,508 :: 		
0x03F2	0x0E02      	MOVLW       2
;__Lib_MathDouble.c,509 :: 		
0x03F4	0x6E0C      	MOVWF       R12, 0
;__Lib_MathDouble.c,511 :: 		
0x03F6	0xDEBC      	RCALL       _SETFUN32
;__Lib_MathDouble.c,513 :: 		
0x03F8	0xF002EF01  	GOTO        NORM32EEE
;__Lib_MathDouble.c,514 :: 		
JMPNFIXSIGN32:
;__Lib_MathDouble.c,515 :: 		
0x03FC	0x0E04      	MOVLW       4
;__Lib_MathDouble.c,516 :: 		
0x03FE	0x6E0C      	MOVWF       R12, 0
;__Lib_MathDouble.c,518 :: 		
0x0400	0xDEB3      	RCALL       _FIXSIGN32
;__Lib_MathDouble.c,520 :: 		
NORM32EEE:
;__Lib_MathDouble.c,527 :: 		
L_end_NRM3232:
0x0402	0x0012      	RETURN      0
; end of _NRM3232
_Add_32x32_FP:
;__Lib_MathDouble.c,563 :: 		
;__Lib_MathDouble.c,578 :: 		
0x0404	0x5002      	MOVF        R2, 0, 0
;__Lib_MathDouble.c,579 :: 		
0x0406	0x1806      	XORWF       R6, 0, 0
;__Lib_MathDouble.c,580 :: 		
0x0408	0x6E0E      	MOVWF       R14, 0
;__Lib_MathDouble.c,582 :: 		
0x040A	0x6A08      	CLRF        R8, 0
;__Lib_MathDouble.c,583 :: 		
0x040C	0x6A09      	CLRF        R9, 0
;__Lib_MathDouble.c,584 :: 		
0x040E	0x6A0B      	CLRF        R11, 0
;__Lib_MathDouble.c,586 :: 		
0x0410	0x5003      	MOVF        R3, 0, 0
;__Lib_MathDouble.c,587 :: 		
0x0412	0x6407      	CPFSGT      R7, 0
;__Lib_MathDouble.c,588 :: 		
0x0414	0xF002EFF5  	GOTO        USEA32
;__Lib_MathDouble.c,591 :: 		
0x0418	0x5006      	MOVF        R6, 0, 0
;__Lib_MathDouble.c,592 :: 		
0x041A	0x6E0A      	MOVWF       R10, 0
;__Lib_MathDouble.c,593 :: 		
0x041C	0x8E06      	BSF         R6, 7, 0
;__Lib_MathDouble.c,594 :: 		
0x041E	0x8E02      	BSF         R2, 7, 0
;__Lib_MathDouble.c,596 :: 		
0x0420	0x5003      	MOVF        R3, 0, 0
;__Lib_MathDouble.c,597 :: 		
0x0422	0x6E0B      	MOVWF       R11, 0
;__Lib_MathDouble.c,598 :: 		
0x0424	0x5007      	MOVF        R7, 0, 0
;__Lib_MathDouble.c,599 :: 		
0x0426	0x6E03      	MOVWF       R3, 0
;__Lib_MathDouble.c,601 :: 		
0x0428	0x0E00      	MOVLW       0
;__Lib_MathDouble.c,602 :: 		
0x042A	0x640B      	CPFSGT      R11, 0
;__Lib_MathDouble.c,603 :: 		
0x042C	0xF002EF45  	GOTO        BRETURN32
;__Lib_MathDouble.c,604 :: 		
0x0430	0x500B      	MOVF        R11, 0, 0
;__Lib_MathDouble.c,605 :: 		
0x0432	0x5E07      	SUBWF       R7, 1, 0
;__Lib_MathDouble.c,606 :: 		
0x0434	0xB4D8      	BTFSC       STATUS, 2, 0
;__Lib_MathDouble.c,607 :: 		
0x0436	0xF002EFE6  	GOTO        BLIGNED32
;__Lib_MathDouble.c,609 :: 		
0x043A	0x0E07      	MOVLW       7
;__Lib_MathDouble.c,610 :: 		
0x043C	0x6407      	CPFSGT      R7, 0
;__Lib_MathDouble.c,611 :: 		
0x043E	0xF002EFB4  	GOTO        BNIB32
;__Lib_MathDouble.c,613 :: 		
0x0442	0x5E07      	SUBWF       R7, 1, 0
;__Lib_MathDouble.c,614 :: 		
0x0444	0xF008C000  	MOVFF       R0, R8
;__Lib_MathDouble.c,615 :: 		
0x0448	0xF000C001  	MOVFF       R1, R0
;__Lib_MathDouble.c,616 :: 		
0x044C	0xF001C002  	MOVFF       R2, R1
;__Lib_MathDouble.c,617 :: 		
0x0450	0x6A02      	CLRF        R2, 0
;__Lib_MathDouble.c,618 :: 		
0x0452	0x4E07      	DCFSNZ      R7, 1, 0
;__Lib_MathDouble.c,619 :: 		
0x0454	0xF002EFE6  	GOTO        BLIGNED32
;__Lib_MathDouble.c,621 :: 		
0x0458	0x6407      	CPFSGT      R7, 0
;__Lib_MathDouble.c,622 :: 		
0x045A	0xF002EF89  	GOTO        BNIB32A
;__Lib_MathDouble.c,623 :: 		
0x045E	0x5E07      	SUBWF       R7, 1, 0
;__Lib_MathDouble.c,624 :: 		
0x0460	0xF008C000  	MOVFF       R0, R8
;__Lib_MathDouble.c,625 :: 		
0x0464	0xF000C001  	MOVFF       R1, R0
;__Lib_MathDouble.c,626 :: 		
0x0468	0x6A01      	CLRF        R1, 0
;__Lib_MathDouble.c,627 :: 		
0x046A	0x4E07      	DCFSNZ      R7, 1, 0
;__Lib_MathDouble.c,628 :: 		
0x046C	0xF002EFE6  	GOTO        BLIGNED32
;__Lib_MathDouble.c,630 :: 		
0x0470	0x6407      	CPFSGT      R7, 0
;__Lib_MathDouble.c,631 :: 		
0x0472	0xF002EF67  	GOTO        BNIB32B
;__Lib_MathDouble.c,632 :: 		
0x0476	0x5E07      	SUBWF       R7, 1, 0
;__Lib_MathDouble.c,633 :: 		
0x0478	0xF008C000  	MOVFF       R0, R8
;__Lib_MathDouble.c,634 :: 		
0x047C	0x6A00      	CLRF        R0, 0
;__Lib_MathDouble.c,635 :: 		
0x047E	0x4E07      	DCFSNZ      R7, 1, 0
;__Lib_MathDouble.c,636 :: 		
0x0480	0xF002EFE6  	GOTO        BLIGNED32
;__Lib_MathDouble.c,638 :: 		
0x0484	0x6407      	CPFSGT      R7, 0
;__Lib_MathDouble.c,639 :: 		
0x0486	0xF002EF4E  	GOTO        BNIB32C
;__Lib_MathDouble.c,641 :: 		
BRETURN32:
;__Lib_MathDouble.c,642 :: 		
0x048A	0xF002C00A  	MOVFF       R10, R2
;__Lib_MathDouble.c,643 :: 		
0x048E	0xF001C005  	MOVFF       R5, R1
;__Lib_MathDouble.c,644 :: 		
0x0492	0xF000C004  	MOVFF       R4, R0
;__Lib_MathDouble.c,645 :: 		
0x0496	0x6A08      	CLRF        R8, 0
;__Lib_MathDouble.c,646 :: 		
0x0498	0xF004EF0F  	GOTO        ADDEOK
;__Lib_MathDouble.c,648 :: 		
BNIB32C:
;__Lib_MathDouble.c,649 :: 		
0x049C	0x0E03      	MOVLW       3
;__Lib_MathDouble.c,650 :: 		
0x049E	0x6407      	CPFSGT      R7, 0
;__Lib_MathDouble.c,651 :: 		
0x04A0	0xF002EF59  	GOTO        BLOOP32C
;__Lib_MathDouble.c,652 :: 		
0x04A4	0x5E07      	SUBWF       R7, 1, 0
;__Lib_MathDouble.c,653 :: 		
0x04A6	0x3808      	SWAPF       R8, 0, 0
;__Lib_MathDouble.c,654 :: 		
0x04A8	0x0B0F      	ANDLW       15
;__Lib_MathDouble.c,655 :: 		
0x04AA	0x6E08      	MOVWF       R8, 0
;__Lib_MathDouble.c,656 :: 		
0x04AC	0x4E07      	DCFSNZ      R7, 1, 0
;__Lib_MathDouble.c,657 :: 		
0x04AE	0xF002EFE6  	GOTO        BLIGNED32
;__Lib_MathDouble.c,659 :: 		
BLOOP32C:
;__Lib_MathDouble.c,660 :: 		
0x04B2	0x90D8      	BCF         STATUS, 0, 0
;__Lib_MathDouble.c,661 :: 		
0x04B4	0x3208      	RRCF        R8, 1, 0
;__Lib_MathDouble.c,662 :: 		
0x04B6	0x4E07      	DCFSNZ      R7, 1, 0
;__Lib_MathDouble.c,663 :: 		
0x04B8	0xF002EFE6  	GOTO        BLIGNED32
;__Lib_MathDouble.c,664 :: 		
0x04BC	0x90D8      	BCF         STATUS, 0, 0
;__Lib_MathDouble.c,665 :: 		
0x04BE	0x3208      	RRCF        R8, 1, 0
;__Lib_MathDouble.c,666 :: 		
0x04C0	0x4E07      	DCFSNZ      R7, 1, 0
;__Lib_MathDouble.c,667 :: 		
0x04C2	0xF002EFE6  	GOTO        BLIGNED32
;__Lib_MathDouble.c,668 :: 		
0x04C6	0x90D8      	BCF         STATUS, 0, 0
;__Lib_MathDouble.c,669 :: 		
0x04C8	0x3208      	RRCF        R8, 1, 0
;__Lib_MathDouble.c,670 :: 		
0x04CA	0xF002EFE6  	GOTO        BLIGNED32
;__Lib_MathDouble.c,672 :: 		
BNIB32B:
;__Lib_MathDouble.c,673 :: 		
0x04CE	0x0E03      	MOVLW       3
;__Lib_MathDouble.c,674 :: 		
0x04D0	0x6407      	CPFSGT      R7, 0
;__Lib_MathDouble.c,675 :: 		
0x04D2	0xF002EF78  	GOTO        BLOOP32B
;__Lib_MathDouble.c,676 :: 		
0x04D6	0x5E07      	SUBWF       R7, 1, 0
;__Lib_MathDouble.c,677 :: 		
0x04D8	0x3808      	SWAPF       R8, 0, 0
;__Lib_MathDouble.c,678 :: 		
0x04DA	0x0B0F      	ANDLW       15
;__Lib_MathDouble.c,679 :: 		
0x04DC	0x6E08      	MOVWF       R8, 0
;__Lib_MathDouble.c,680 :: 		
0x04DE	0x3800      	SWAPF       R0, 0, 0
;__Lib_MathDouble.c,681 :: 		
0x04E0	0x0BF0      	ANDLW       240
;__Lib_MathDouble.c,682 :: 		
0x04E2	0x2608      	ADDWF       R8, 1, 0
;__Lib_MathDouble.c,683 :: 		
0x04E4	0x3800      	SWAPF       R0, 0, 0
;__Lib_MathDouble.c,684 :: 		
0x04E6	0x0B0F      	ANDLW       15
;__Lib_MathDouble.c,685 :: 		
0x04E8	0x6E00      	MOVWF       R0, 0
;__Lib_MathDouble.c,686 :: 		
0x04EA	0x4E07      	DCFSNZ      R7, 1, 0
;__Lib_MathDouble.c,687 :: 		
0x04EC	0xF002EFE6  	GOTO        BLIGNED32
;__Lib_MathDouble.c,689 :: 		
BLOOP32B:
;__Lib_MathDouble.c,690 :: 		
0x04F0	0x90D8      	BCF         STATUS, 0, 0
;__Lib_MathDouble.c,691 :: 		
0x04F2	0x3200      	RRCF        R0, 1, 0
;__Lib_MathDouble.c,692 :: 		
0x04F4	0x3208      	RRCF        R8, 1, 0
;__Lib_MathDouble.c,693 :: 		
0x04F6	0x4E07      	DCFSNZ      R7, 1, 0
;__Lib_MathDouble.c,694 :: 		
0x04F8	0xF002EFE6  	GOTO        BLIGNED32
;__Lib_MathDouble.c,695 :: 		
0x04FC	0x90D8      	BCF         STATUS, 0, 0
;__Lib_MathDouble.c,696 :: 		
0x04FE	0x3200      	RRCF        R0, 1, 0
;__Lib_MathDouble.c,697 :: 		
0x0500	0x3208      	RRCF        R8, 1, 0
;__Lib_MathDouble.c,698 :: 		
0x0502	0x4E07      	DCFSNZ      R7, 1, 0
;__Lib_MathDouble.c,699 :: 		
0x0504	0xF002EFE6  	GOTO        BLIGNED32
;__Lib_MathDouble.c,700 :: 		
0x0508	0x90D8      	BCF         STATUS, 0, 0
;__Lib_MathDouble.c,701 :: 		
0x050A	0x3200      	RRCF        R0, 1, 0
;__Lib_MathDouble.c,702 :: 		
0x050C	0x3208      	RRCF        R8, 1, 0
;__Lib_MathDouble.c,703 :: 		
0x050E	0xF002EFE6  	GOTO        BLIGNED32
;__Lib_MathDouble.c,705 :: 		
BNIB32A:
;__Lib_MathDouble.c,706 :: 		
0x0512	0x0E03      	MOVLW       3
;__Lib_MathDouble.c,707 :: 		
0x0514	0x6407      	CPFSGT      R7, 0
;__Lib_MathDouble.c,708 :: 		
0x0516	0xF002EFA0  	GOTO        BLOOP32A
;__Lib_MathDouble.c,709 :: 		
0x051A	0x5E07      	SUBWF       R7, 1, 0
;__Lib_MathDouble.c,710 :: 		
0x051C	0x3808      	SWAPF       R8, 0, 0
;__Lib_MathDouble.c,711 :: 		
0x051E	0x0B0F      	ANDLW       15
;__Lib_MathDouble.c,712 :: 		
0x0520	0x6E08      	MOVWF       R8, 0
;__Lib_MathDouble.c,713 :: 		
0x0522	0x3800      	SWAPF       R0, 0, 0
;__Lib_MathDouble.c,714 :: 		
0x0524	0x0BF0      	ANDLW       240
;__Lib_MathDouble.c,715 :: 		
0x0526	0x2608      	ADDWF       R8, 1, 0
;__Lib_MathDouble.c,716 :: 		
0x0528	0x3800      	SWAPF       R0, 0, 0
;__Lib_MathDouble.c,717 :: 		
0x052A	0x0B0F      	ANDLW       15
;__Lib_MathDouble.c,718 :: 		
0x052C	0x6E00      	MOVWF       R0, 0
;__Lib_MathDouble.c,719 :: 		
0x052E	0x3801      	SWAPF       R1, 0, 0
;__Lib_MathDouble.c,720 :: 		
0x0530	0x0BF0      	ANDLW       240
;__Lib_MathDouble.c,721 :: 		
0x0532	0x2600      	ADDWF       R0, 1, 0
;__Lib_MathDouble.c,722 :: 		
0x0534	0x3801      	SWAPF       R1, 0, 0
;__Lib_MathDouble.c,723 :: 		
0x0536	0x0B0F      	ANDLW       15
;__Lib_MathDouble.c,724 :: 		
0x0538	0x6E01      	MOVWF       R1, 0
;__Lib_MathDouble.c,725 :: 		
0x053A	0x4E07      	DCFSNZ      R7, 1, 0
;__Lib_MathDouble.c,726 :: 		
0x053C	0xF002EFE6  	GOTO        BLIGNED32
;__Lib_MathDouble.c,728 :: 		
BLOOP32A:
;__Lib_MathDouble.c,729 :: 		
0x0540	0x90D8      	BCF         STATUS, 0, 0
;__Lib_MathDouble.c,730 :: 		
0x0542	0x3201      	RRCF        R1, 1, 0
;__Lib_MathDouble.c,731 :: 		
0x0544	0x3200      	RRCF        R0, 1, 0
;__Lib_MathDouble.c,732 :: 		
0x0546	0x3208      	RRCF        R8, 1, 0
;__Lib_MathDouble.c,733 :: 		
0x0548	0x4E07      	DCFSNZ      R7, 1, 0
;__Lib_MathDouble.c,734 :: 		
0x054A	0xF002EFE6  	GOTO        BLIGNED32
;__Lib_MathDouble.c,735 :: 		
0x054E	0x90D8      	BCF         STATUS, 0, 0
;__Lib_MathDouble.c,736 :: 		
0x0550	0x3201      	RRCF        R1, 1, 0
;__Lib_MathDouble.c,737 :: 		
0x0552	0x3200      	RRCF        R0, 1, 0
;__Lib_MathDouble.c,738 :: 		
0x0554	0x3208      	RRCF        R8, 1, 0
;__Lib_MathDouble.c,739 :: 		
0x0556	0x4E07      	DCFSNZ      R7, 1, 0
;__Lib_MathDouble.c,740 :: 		
0x0558	0xF002EFE6  	GOTO        BLIGNED32
;__Lib_MathDouble.c,741 :: 		
0x055C	0x90D8      	BCF         STATUS, 0, 0
;__Lib_MathDouble.c,742 :: 		
0x055E	0x3201      	RRCF        R1, 1, 0
;__Lib_MathDouble.c,743 :: 		
0x0560	0x3200      	RRCF        R0, 1, 0
;__Lib_MathDouble.c,744 :: 		
0x0562	0x3208      	RRCF        R8, 1, 0
;__Lib_MathDouble.c,745 :: 		
0x0564	0xF002EFE6  	GOTO        BLIGNED32
;__Lib_MathDouble.c,747 :: 		
BNIB32:
;__Lib_MathDouble.c,748 :: 		
0x0568	0x0E03      	MOVLW       3
;__Lib_MathDouble.c,749 :: 		
0x056A	0x6407      	CPFSGT      R7, 0
;__Lib_MathDouble.c,750 :: 		
0x056C	0xF002EFD1  	GOTO        BLOOP32
;__Lib_MathDouble.c,751 :: 		
0x0570	0x5E07      	SUBWF       R7, 1, 0
;__Lib_MathDouble.c,752 :: 		
0x0572	0x3808      	SWAPF       R8, 0, 0
;__Lib_MathDouble.c,753 :: 		
0x0574	0x0B0F      	ANDLW       15
;__Lib_MathDouble.c,754 :: 		
0x0576	0x6E08      	MOVWF       R8, 0
;__Lib_MathDouble.c,755 :: 		
0x0578	0x3800      	SWAPF       R0, 0, 0
;__Lib_MathDouble.c,756 :: 		
0x057A	0x0BF0      	ANDLW       240
;__Lib_MathDouble.c,757 :: 		
0x057C	0x2608      	ADDWF       R8, 1, 0
;__Lib_MathDouble.c,758 :: 		
0x057E	0x3800      	SWAPF       R0, 0, 0
;__Lib_MathDouble.c,759 :: 		
0x0580	0x0B0F      	ANDLW       15
;__Lib_MathDouble.c,760 :: 		
0x0582	0x6E00      	MOVWF       R0, 0
;__Lib_MathDouble.c,761 :: 		
0x0584	0x3801      	SWAPF       R1, 0, 0
;__Lib_MathDouble.c,762 :: 		
0x0586	0x0BF0      	ANDLW       240
;__Lib_MathDouble.c,763 :: 		
0x0588	0x2600      	ADDWF       R0, 1, 0
;__Lib_MathDouble.c,764 :: 		
0x058A	0x3801      	SWAPF       R1, 0, 0
;__Lib_MathDouble.c,765 :: 		
0x058C	0x0B0F      	ANDLW       15
;__Lib_MathDouble.c,766 :: 		
0x058E	0x6E01      	MOVWF       R1, 0
;__Lib_MathDouble.c,767 :: 		
0x0590	0x3802      	SWAPF       R2, 0, 0
;__Lib_MathDouble.c,768 :: 		
0x0592	0x0BF0      	ANDLW       240
;__Lib_MathDouble.c,769 :: 		
0x0594	0x2601      	ADDWF       R1, 1, 0
;__Lib_MathDouble.c,770 :: 		
0x0596	0x3802      	SWAPF       R2, 0, 0
;__Lib_MathDouble.c,771 :: 		
0x0598	0x0B0F      	ANDLW       15
;__Lib_MathDouble.c,772 :: 		
0x059A	0x6E02      	MOVWF       R2, 0
;__Lib_MathDouble.c,773 :: 		
0x059C	0x4E07      	DCFSNZ      R7, 1, 0
;__Lib_MathDouble.c,774 :: 		
0x059E	0xF002EFE6  	GOTO        BLIGNED32
;__Lib_MathDouble.c,776 :: 		
BLOOP32:
;__Lib_MathDouble.c,777 :: 		
0x05A2	0x90D8      	BCF         STATUS, 0, 0
;__Lib_MathDouble.c,778 :: 		
0x05A4	0x3202      	RRCF        R2, 1, 0
;__Lib_MathDouble.c,779 :: 		
0x05A6	0x3201      	RRCF        R1, 1, 0
;__Lib_MathDouble.c,780 :: 		
0x05A8	0x3200      	RRCF        R0, 1, 0
;__Lib_MathDouble.c,781 :: 		
0x05AA	0x3208      	RRCF        R8, 1, 0
;__Lib_MathDouble.c,782 :: 		
0x05AC	0x4E07      	DCFSNZ      R7, 1, 0
;__Lib_MathDouble.c,783 :: 		
0x05AE	0xF002EFE6  	GOTO        BLIGNED32
;__Lib_MathDouble.c,784 :: 		
0x05B2	0x90D8      	BCF         STATUS, 0, 0
;__Lib_MathDouble.c,785 :: 		
0x05B4	0x3202      	RRCF        R2, 1, 0
;__Lib_MathDouble.c,786 :: 		
0x05B6	0x3201      	RRCF        R1, 1, 0
;__Lib_MathDouble.c,787 :: 		
0x05B8	0x3200      	RRCF        R0, 1, 0
;__Lib_MathDouble.c,788 :: 		
0x05BA	0x3208      	RRCF        R8, 1, 0
;__Lib_MathDouble.c,789 :: 		
0x05BC	0x4E07      	DCFSNZ      R7, 1, 0
;__Lib_MathDouble.c,790 :: 		
0x05BE	0xF002EFE6  	GOTO        BLIGNED32
;__Lib_MathDouble.c,791 :: 		
0x05C2	0x90D8      	BCF         STATUS, 0, 0
;__Lib_MathDouble.c,792 :: 		
0x05C4	0x3202      	RRCF        R2, 1, 0
;__Lib_MathDouble.c,793 :: 		
0x05C6	0x3201      	RRCF        R1, 1, 0
;__Lib_MathDouble.c,794 :: 		
0x05C8	0x3200      	RRCF        R0, 1, 0
;__Lib_MathDouble.c,795 :: 		
0x05CA	0x3208      	RRCF        R8, 1, 0
;__Lib_MathDouble.c,797 :: 		
BLIGNED32:
;__Lib_MathDouble.c,798 :: 		
0x05CC	0x6A09      	CLRF        R9, 0
;__Lib_MathDouble.c,799 :: 		
0x05CE	0x0E00      	MOVLW       0
;__Lib_MathDouble.c,800 :: 		
0x05D0	0xAE0E      	BTFSS       R14, 7, 0
;__Lib_MathDouble.c,801 :: 		
0x05D2	0xF003EFDA  	GOTO        AOK32
;__Lib_MathDouble.c,802 :: 		
0x05D6	0x1E08      	COMF        R8, 1, 0
;__Lib_MathDouble.c,803 :: 		
0x05D8	0x1E00      	COMF        R0, 1, 0
;__Lib_MathDouble.c,804 :: 		
0x05DA	0x1E01      	COMF        R1, 1, 0
;__Lib_MathDouble.c,805 :: 		
0x05DC	0x1E02      	COMF        R2, 1, 0
;__Lib_MathDouble.c,806 :: 		
0x05DE	0x2A08      	INCF        R8, 1, 0
;__Lib_MathDouble.c,807 :: 		
0x05E0	0x2200      	ADDWFC      R0, 1, 0
;__Lib_MathDouble.c,808 :: 		
0x05E2	0x2201      	ADDWFC      R1, 1, 0
;__Lib_MathDouble.c,809 :: 		
0x05E4	0x2202      	ADDWFC      R2, 1, 0
;__Lib_MathDouble.c,810 :: 		
0x05E6	0xF003EFDA  	GOTO        AOK32
;__Lib_MathDouble.c,812 :: 		
USEA32:
;__Lib_MathDouble.c,813 :: 		
0x05EA	0x5007      	MOVF        R7, 0, 0
;__Lib_MathDouble.c,814 :: 		
0x05EC	0xA4D8      	BTFSS       STATUS, 2, 0
;__Lib_MathDouble.c,815 :: 		
0x05EE	0xF002EFFB  	GOTO        BNE032
;__Lib_MathDouble.c,816 :: 		
0x05F2	0xF004EF0F  	GOTO        ADDEOK
;__Lib_MathDouble.c,818 :: 		
BNE032:
;__Lib_MathDouble.c,819 :: 		
0x05F6	0x6A09      	CLRF        R9, 0
;__Lib_MathDouble.c,820 :: 		
0x05F8	0xF00AC002  	MOVFF       R2, R10
;__Lib_MathDouble.c,821 :: 		
0x05FC	0x8E02      	BSF         R2, 7, 0
;__Lib_MathDouble.c,822 :: 		
0x05FE	0x8E06      	BSF         R6, 7, 0
;__Lib_MathDouble.c,824 :: 		
0x0600	0x5007      	MOVF        R7, 0, 0
;__Lib_MathDouble.c,825 :: 		
0x0602	0x5C03      	SUBWF       R3, 0, 0
;__Lib_MathDouble.c,826 :: 		
0x0604	0x6E07      	MOVWF       R7, 0
;__Lib_MathDouble.c,827 :: 		
0x0606	0xB4D8      	BTFSC       STATUS, 2, 0
;__Lib_MathDouble.c,828 :: 		
0x0608	0xF003EFCD  	GOTO        ALIGNED32
;__Lib_MathDouble.c,830 :: 		
0x060C	0x0E07      	MOVLW       7
;__Lib_MathDouble.c,831 :: 		
0x060E	0x6407      	CPFSGT      R7, 0
;__Lib_MathDouble.c,832 :: 		
0x0610	0xF003EF9B  	GOTO        ANIB32
;__Lib_MathDouble.c,833 :: 		
0x0614	0x5E07      	SUBWF       R7, 1, 0
;__Lib_MathDouble.c,834 :: 		
0x0616	0x5004      	MOVF        R4, 0, 0
;__Lib_MathDouble.c,835 :: 		
0x0618	0x6E09      	MOVWF       R9, 0
;__Lib_MathDouble.c,836 :: 		
0x061A	0x5005      	MOVF        R5, 0, 0
;__Lib_MathDouble.c,837 :: 		
0x061C	0x6E04      	MOVWF       R4, 0
;__Lib_MathDouble.c,838 :: 		
0x061E	0x5006      	MOVF        R6, 0, 0
;__Lib_MathDouble.c,839 :: 		
0x0620	0x6E05      	MOVWF       R5, 0
;__Lib_MathDouble.c,840 :: 		
0x0622	0x6A06      	CLRF        R6, 0
;__Lib_MathDouble.c,841 :: 		
0x0624	0x4E07      	DCFSNZ      R7, 1, 0
;__Lib_MathDouble.c,842 :: 		
0x0626	0xF003EFCD  	GOTO        ALIGNED32
;__Lib_MathDouble.c,844 :: 		
0x062A	0x0E07      	MOVLW       7
;__Lib_MathDouble.c,845 :: 		
0x062C	0x6407      	CPFSGT      R7, 0
;__Lib_MathDouble.c,846 :: 		
0x062E	0xF003EF70  	GOTO        ANIB32A
;__Lib_MathDouble.c,847 :: 		
0x0632	0x5E07      	SUBWF       R7, 1, 0
;__Lib_MathDouble.c,848 :: 		
0x0634	0x5004      	MOVF        R4, 0, 0
;__Lib_MathDouble.c,849 :: 		
0x0636	0x6E09      	MOVWF       R9, 0
;__Lib_MathDouble.c,850 :: 		
0x0638	0x5005      	MOVF        R5, 0, 0
;__Lib_MathDouble.c,851 :: 		
0x063A	0x6E04      	MOVWF       R4, 0
;__Lib_MathDouble.c,852 :: 		
0x063C	0x6A05      	CLRF        R5, 0
;__Lib_MathDouble.c,853 :: 		
0x063E	0x4E07      	DCFSNZ      R7, 1, 0
;__Lib_MathDouble.c,854 :: 		
0x0640	0xF003EFCD  	GOTO        ALIGNED32
;__Lib_MathDouble.c,856 :: 		
0x0644	0x0E07      	MOVLW       7
;__Lib_MathDouble.c,857 :: 		
0x0646	0x6407      	CPFSGT      R7, 0
;__Lib_MathDouble.c,858 :: 		
0x0648	0xF003EF4E  	GOTO        ANIB32B
;__Lib_MathDouble.c,859 :: 		
0x064C	0x5E07      	SUBWF       R7, 1, 0
;__Lib_MathDouble.c,860 :: 		
0x064E	0x5004      	MOVF        R4, 0, 0
;__Lib_MathDouble.c,861 :: 		
0x0650	0x6E09      	MOVWF       R9, 0
;__Lib_MathDouble.c,862 :: 		
0x0652	0x6A04      	CLRF        R4, 0
;__Lib_MathDouble.c,863 :: 		
0x0654	0x4E07      	DCFSNZ      R7, 1, 0
;__Lib_MathDouble.c,864 :: 		
0x0656	0xF003EFCD  	GOTO        ALIGNED32
;__Lib_MathDouble.c,866 :: 		
0x065A	0x0E07      	MOVLW       7
;__Lib_MathDouble.c,867 :: 		
0x065C	0x6407      	CPFSGT      R7, 0
;__Lib_MathDouble.c,868 :: 		
0x065E	0xF003EF35  	GOTO        ANIB32C
;__Lib_MathDouble.c,870 :: 		
0x0662	0xF002C00A  	MOVFF       R10, R2
;__Lib_MathDouble.c,871 :: 		
0x0666	0xF004EF0F  	GOTO        ADDEOK
;__Lib_MathDouble.c,873 :: 		
ANIB32C:
;__Lib_MathDouble.c,874 :: 		
0x066A	0x0E03      	MOVLW       3
;__Lib_MathDouble.c,875 :: 		
0x066C	0x6407      	CPFSGT      R7, 0
;__Lib_MathDouble.c,876 :: 		
0x066E	0xF003EF40  	GOTO        ALOOP32C
;__Lib_MathDouble.c,877 :: 		
0x0672	0x5E07      	SUBWF       R7, 1, 0
;__Lib_MathDouble.c,878 :: 		
0x0674	0x3809      	SWAPF       R9, 0, 0
;__Lib_MathDouble.c,879 :: 		
0x0676	0x0B0F      	ANDLW       15
;__Lib_MathDouble.c,880 :: 		
0x0678	0x6E09      	MOVWF       R9, 0
;__Lib_MathDouble.c,881 :: 		
0x067A	0x4E07      	DCFSNZ      R7, 1, 0
;__Lib_MathDouble.c,882 :: 		
0x067C	0xF003EFCD  	GOTO        ALIGNED32
;__Lib_MathDouble.c,884 :: 		
ALOOP32C:
;__Lib_MathDouble.c,885 :: 		
0x0680	0x90D8      	BCF         STATUS, 0, 0
;__Lib_MathDouble.c,886 :: 		
0x0682	0x3209      	RRCF        R9, 1, 0
;__Lib_MathDouble.c,887 :: 		
0x0684	0x4E07      	DCFSNZ      R7, 1, 0
;__Lib_MathDouble.c,888 :: 		
0x0686	0xF003EFCD  	GOTO        ALIGNED32
;__Lib_MathDouble.c,889 :: 		
0x068A	0x90D8      	BCF         STATUS, 0, 0
;__Lib_MathDouble.c,890 :: 		
0x068C	0x3209      	RRCF        R9, 1, 0
;__Lib_MathDouble.c,891 :: 		
0x068E	0x4E07      	DCFSNZ      R7, 1, 0
;__Lib_MathDouble.c,892 :: 		
0x0690	0xF003EFCD  	GOTO        ALIGNED32
;__Lib_MathDouble.c,893 :: 		
0x0694	0x90D8      	BCF         STATUS, 0, 0
;__Lib_MathDouble.c,894 :: 		
0x0696	0x3209      	RRCF        R9, 1, 0
;__Lib_MathDouble.c,895 :: 		
0x0698	0xF003EFCD  	GOTO        ALIGNED32
;__Lib_MathDouble.c,897 :: 		
ANIB32B:
;__Lib_MathDouble.c,898 :: 		
0x069C	0x0E03      	MOVLW       3
;__Lib_MathDouble.c,899 :: 		
0x069E	0x6407      	CPFSGT      R7, 0
;__Lib_MathDouble.c,900 :: 		
0x06A0	0xF003EF5F  	GOTO        ALOOP32B
;__Lib_MathDouble.c,901 :: 		
0x06A4	0x5E07      	SUBWF       R7, 1, 0
;__Lib_MathDouble.c,902 :: 		
0x06A6	0x3809      	SWAPF       R9, 0, 0
;__Lib_MathDouble.c,903 :: 		
0x06A8	0x0B0F      	ANDLW       15
;__Lib_MathDouble.c,904 :: 		
0x06AA	0x6E09      	MOVWF       R9, 0
;__Lib_MathDouble.c,905 :: 		
0x06AC	0x3804      	SWAPF       R4, 0, 0
;__Lib_MathDouble.c,906 :: 		
0x06AE	0x0BF0      	ANDLW       240
;__Lib_MathDouble.c,907 :: 		
0x06B0	0x2609      	ADDWF       R9, 1, 0
;__Lib_MathDouble.c,908 :: 		
0x06B2	0x3804      	SWAPF       R4, 0, 0
;__Lib_MathDouble.c,909 :: 		
0x06B4	0x0B0F      	ANDLW       15
;__Lib_MathDouble.c,910 :: 		
0x06B6	0x6E04      	MOVWF       R4, 0
;__Lib_MathDouble.c,911 :: 		
0x06B8	0x4E07      	DCFSNZ      R7, 1, 0
;__Lib_MathDouble.c,912 :: 		
0x06BA	0xF003EFCD  	GOTO        ALIGNED32
;__Lib_MathDouble.c,914 :: 		
ALOOP32B:
;__Lib_MathDouble.c,915 :: 		
0x06BE	0x90D8      	BCF         STATUS, 0, 0
;__Lib_MathDouble.c,916 :: 		
0x06C0	0x3204      	RRCF        R4, 1, 0
;__Lib_MathDouble.c,917 :: 		
0x06C2	0x3209      	RRCF        R9, 1, 0
;__Lib_MathDouble.c,918 :: 		
0x06C4	0x4E07      	DCFSNZ      R7, 1, 0
;__Lib_MathDouble.c,919 :: 		
0x06C6	0xF003EFCD  	GOTO        ALIGNED32
;__Lib_MathDouble.c,920 :: 		
0x06CA	0x90D8      	BCF         STATUS, 0, 0
;__Lib_MathDouble.c,921 :: 		
0x06CC	0x3204      	RRCF        R4, 1, 0
;__Lib_MathDouble.c,922 :: 		
0x06CE	0x3209      	RRCF        R9, 1, 0
;__Lib_MathDouble.c,923 :: 		
0x06D0	0x4E07      	DCFSNZ      R7, 1, 0
;__Lib_MathDouble.c,924 :: 		
0x06D2	0xF003EFCD  	GOTO        ALIGNED32
;__Lib_MathDouble.c,925 :: 		
0x06D6	0x90D8      	BCF         STATUS, 0, 0
;__Lib_MathDouble.c,926 :: 		
0x06D8	0x3204      	RRCF        R4, 1, 0
;__Lib_MathDouble.c,927 :: 		
0x06DA	0x3209      	RRCF        R9, 1, 0
;__Lib_MathDouble.c,928 :: 		
0x06DC	0xF003EFCD  	GOTO        ALIGNED32
;__Lib_MathDouble.c,930 :: 		
ANIB32A:
;__Lib_MathDouble.c,931 :: 		
0x06E0	0x0E03      	MOVLW       3
;__Lib_MathDouble.c,932 :: 		
0x06E2	0x6407      	CPFSGT      R7, 0
;__Lib_MathDouble.c,933 :: 		
0x06E4	0xF003EF87  	GOTO        ALOOP32A
;__Lib_MathDouble.c,934 :: 		
0x06E8	0x5E07      	SUBWF       R7, 1, 0
;__Lib_MathDouble.c,935 :: 		
0x06EA	0x3809      	SWAPF       R9, 0, 0
;__Lib_MathDouble.c,936 :: 		
0x06EC	0x0B0F      	ANDLW       15
;__Lib_MathDouble.c,937 :: 		
0x06EE	0x6E09      	MOVWF       R9, 0
;__Lib_MathDouble.c,938 :: 		
0x06F0	0x3804      	SWAPF       R4, 0, 0
;__Lib_MathDouble.c,939 :: 		
0x06F2	0x0BF0      	ANDLW       240
;__Lib_MathDouble.c,940 :: 		
0x06F4	0x2609      	ADDWF       R9, 1, 0
;__Lib_MathDouble.c,941 :: 		
0x06F6	0x3804      	SWAPF       R4, 0, 0
;__Lib_MathDouble.c,942 :: 		
0x06F8	0x0B0F      	ANDLW       15
;__Lib_MathDouble.c,943 :: 		
0x06FA	0x6E04      	MOVWF       R4, 0
;__Lib_MathDouble.c,944 :: 		
0x06FC	0x3805      	SWAPF       R5, 0, 0
;__Lib_MathDouble.c,945 :: 		
0x06FE	0x0BF0      	ANDLW       240
;__Lib_MathDouble.c,946 :: 		
0x0700	0x2604      	ADDWF       R4, 1, 0
;__Lib_MathDouble.c,947 :: 		
0x0702	0x3805      	SWAPF       R5, 0, 0
;__Lib_MathDouble.c,948 :: 		
0x0704	0x0B0F      	ANDLW       15
;__Lib_MathDouble.c,949 :: 		
0x0706	0x6E05      	MOVWF       R5, 0
;__Lib_MathDouble.c,950 :: 		
0x0708	0x4E07      	DCFSNZ      R7, 1, 0
;__Lib_MathDouble.c,951 :: 		
0x070A	0xF003EFCD  	GOTO        ALIGNED32
;__Lib_MathDouble.c,953 :: 		
ALOOP32A:
;__Lib_MathDouble.c,954 :: 		
0x070E	0x90D8      	BCF         STATUS, 0, 0
;__Lib_MathDouble.c,955 :: 		
0x0710	0x3205      	RRCF        R5, 1, 0
;__Lib_MathDouble.c,956 :: 		
0x0712	0x3204      	RRCF        R4, 1, 0
;__Lib_MathDouble.c,957 :: 		
0x0714	0x3209      	RRCF        R9, 1, 0
;__Lib_MathDouble.c,958 :: 		
0x0716	0x4E07      	DCFSNZ      R7, 1, 0
;__Lib_MathDouble.c,959 :: 		
0x0718	0xF003EFCD  	GOTO        ALIGNED32
;__Lib_MathDouble.c,960 :: 		
0x071C	0x90D8      	BCF         STATUS, 0, 0
;__Lib_MathDouble.c,961 :: 		
0x071E	0x3205      	RRCF        R5, 1, 0
;__Lib_MathDouble.c,962 :: 		
0x0720	0x3204      	RRCF        R4, 1, 0
;__Lib_MathDouble.c,963 :: 		
0x0722	0x3209      	RRCF        R9, 1, 0
;__Lib_MathDouble.c,964 :: 		
0x0724	0x4E07      	DCFSNZ      R7, 1, 0
;__Lib_MathDouble.c,965 :: 		
0x0726	0xF003EFCD  	GOTO        ALIGNED32
;__Lib_MathDouble.c,966 :: 		
0x072A	0x90D8      	BCF         STATUS, 0, 0
;__Lib_MathDouble.c,967 :: 		
0x072C	0x3205      	RRCF        R5, 1, 0
;__Lib_MathDouble.c,968 :: 		
0x072E	0x3204      	RRCF        R4, 1, 0
;__Lib_MathDouble.c,969 :: 		
0x0730	0x3209      	RRCF        R9, 1, 0
;__Lib_MathDouble.c,970 :: 		
0x0732	0xF003EFCD  	GOTO        ALIGNED32
;__Lib_MathDouble.c,972 :: 		
ANIB32:
;__Lib_MathDouble.c,973 :: 		
0x0736	0x0E03      	MOVLW       3
;__Lib_MathDouble.c,974 :: 		
0x0738	0x6407      	CPFSGT      R7, 0
;__Lib_MathDouble.c,975 :: 		
0x073A	0xF003EFB8  	GOTO        ALOOP32
;__Lib_MathDouble.c,976 :: 		
0x073E	0x5E07      	SUBWF       R7, 1, 0
;__Lib_MathDouble.c,977 :: 		
0x0740	0x3809      	SWAPF       R9, 0, 0
;__Lib_MathDouble.c,978 :: 		
0x0742	0x0B0F      	ANDLW       15
;__Lib_MathDouble.c,979 :: 		
0x0744	0x6E09      	MOVWF       R9, 0
;__Lib_MathDouble.c,980 :: 		
0x0746	0x3804      	SWAPF       R4, 0, 0
;__Lib_MathDouble.c,981 :: 		
0x0748	0x0BF0      	ANDLW       240
;__Lib_MathDouble.c,982 :: 		
0x074A	0x2609      	ADDWF       R9, 1, 0
;__Lib_MathDouble.c,983 :: 		
0x074C	0x3804      	SWAPF       R4, 0, 0
;__Lib_MathDouble.c,984 :: 		
0x074E	0x0B0F      	ANDLW       15
;__Lib_MathDouble.c,985 :: 		
0x0750	0x6E04      	MOVWF       R4, 0
;__Lib_MathDouble.c,986 :: 		
0x0752	0x3805      	SWAPF       R5, 0, 0
;__Lib_MathDouble.c,987 :: 		
0x0754	0x0BF0      	ANDLW       240
;__Lib_MathDouble.c,988 :: 		
0x0756	0x2604      	ADDWF       R4, 1, 0
;__Lib_MathDouble.c,989 :: 		
0x0758	0x3805      	SWAPF       R5, 0, 0
;__Lib_MathDouble.c,990 :: 		
0x075A	0x0B0F      	ANDLW       15
;__Lib_MathDouble.c,991 :: 		
0x075C	0x6E05      	MOVWF       R5, 0
;__Lib_MathDouble.c,992 :: 		
0x075E	0x3806      	SWAPF       R6, 0, 0
;__Lib_MathDouble.c,993 :: 		
0x0760	0x0BF0      	ANDLW       240
;__Lib_MathDouble.c,994 :: 		
0x0762	0x2605      	ADDWF       R5, 1, 0
;__Lib_MathDouble.c,995 :: 		
0x0764	0x3806      	SWAPF       R6, 0, 0
;__Lib_MathDouble.c,996 :: 		
0x0766	0x0B0F      	ANDLW       15
;__Lib_MathDouble.c,997 :: 		
0x0768	0x6E06      	MOVWF       R6, 0
;__Lib_MathDouble.c,998 :: 		
0x076A	0x4E07      	DCFSNZ      R7, 1, 0
;__Lib_MathDouble.c,999 :: 		
0x076C	0xF003EFCD  	GOTO        ALIGNED32
;__Lib_MathDouble.c,1001 :: 		
ALOOP32:
;__Lib_MathDouble.c,1002 :: 		
0x0770	0x90D8      	BCF         STATUS, 0, 0
;__Lib_MathDouble.c,1003 :: 		
0x0772	0x3206      	RRCF        R6, 1, 0
;__Lib_MathDouble.c,1004 :: 		
0x0774	0x3205      	RRCF        R5, 1, 0
;__Lib_MathDouble.c,1005 :: 		
0x0776	0x3204      	RRCF        R4, 1, 0
;__Lib_MathDouble.c,1006 :: 		
0x0778	0x3209      	RRCF        R9, 1, 0
;__Lib_MathDouble.c,1007 :: 		
0x077A	0x4E07      	DCFSNZ      R7, 1, 0
;__Lib_MathDouble.c,1008 :: 		
0x077C	0xF003EFCD  	GOTO        ALIGNED32
;__Lib_MathDouble.c,1009 :: 		
0x0780	0x90D8      	BCF         STATUS, 0, 0
;__Lib_MathDouble.c,1010 :: 		
0x0782	0x3206      	RRCF        R6, 1, 0
;__Lib_MathDouble.c,1011 :: 		
0x0784	0x3205      	RRCF        R5, 1, 0
;__Lib_MathDouble.c,1012 :: 		
0x0786	0x3204      	RRCF        R4, 1, 0
;__Lib_MathDouble.c,1013 :: 		
0x0788	0x3209      	RRCF        R9, 1, 0
;__Lib_MathDouble.c,1014 :: 		
0x078A	0x4E07      	DCFSNZ      R7, 1, 0
;__Lib_MathDouble.c,1015 :: 		
0x078C	0xF003EFCD  	GOTO        ALIGNED32
;__Lib_MathDouble.c,1016 :: 		
0x0790	0x90D8      	BCF         STATUS, 0, 0
;__Lib_MathDouble.c,1017 :: 		
0x0792	0x3206      	RRCF        R6, 1, 0
;__Lib_MathDouble.c,1018 :: 		
0x0794	0x3205      	RRCF        R5, 1, 0
;__Lib_MathDouble.c,1019 :: 		
0x0796	0x3204      	RRCF        R4, 1, 0
;__Lib_MathDouble.c,1020 :: 		
0x0798	0x3209      	RRCF        R9, 1, 0
;__Lib_MathDouble.c,1022 :: 		
ALIGNED32:
;__Lib_MathDouble.c,1023 :: 		
0x079A	0x6A08      	CLRF        R8, 0
;__Lib_MathDouble.c,1024 :: 		
0x079C	0x0E00      	MOVLW       0
;__Lib_MathDouble.c,1025 :: 		
0x079E	0xAE0E      	BTFSS       R14, 7, 0
;__Lib_MathDouble.c,1026 :: 		
0x07A0	0xF003EFDA  	GOTO        AOK32
;__Lib_MathDouble.c,1027 :: 		
0x07A4	0x1E09      	COMF        R9, 1, 0
;__Lib_MathDouble.c,1028 :: 		
0x07A6	0x1E04      	COMF        R4, 1, 0
;__Lib_MathDouble.c,1029 :: 		
0x07A8	0x1E05      	COMF        R5, 1, 0
;__Lib_MathDouble.c,1030 :: 		
0x07AA	0x1E06      	COMF        R6, 1, 0
;__Lib_MathDouble.c,1031 :: 		
0x07AC	0x2A09      	INCF        R9, 1, 0
;__Lib_MathDouble.c,1032 :: 		
0x07AE	0x2204      	ADDWFC      R4, 1, 0
;__Lib_MathDouble.c,1033 :: 		
0x07B0	0x2205      	ADDWFC      R5, 1, 0
;__Lib_MathDouble.c,1034 :: 		
0x07B2	0x2206      	ADDWFC      R6, 1, 0
;__Lib_MathDouble.c,1036 :: 		
AOK32:
;__Lib_MathDouble.c,1037 :: 		
0x07B4	0x5009      	MOVF        R9, 0, 0
;__Lib_MathDouble.c,1038 :: 		
0x07B6	0x2608      	ADDWF       R8, 1, 0
;__Lib_MathDouble.c,1039 :: 		
0x07B8	0x5004      	MOVF        R4, 0, 0
;__Lib_MathDouble.c,1040 :: 		
0x07BA	0x2200      	ADDWFC      R0, 1, 0
;__Lib_MathDouble.c,1041 :: 		
0x07BC	0x5005      	MOVF        R5, 0, 0
;__Lib_MathDouble.c,1042 :: 		
0x07BE	0x2201      	ADDWFC      R1, 1, 0
;__Lib_MathDouble.c,1043 :: 		
0x07C0	0x5006      	MOVF        R6, 0, 0
;__Lib_MathDouble.c,1044 :: 		
0x07C2	0x2202      	ADDWFC      R2, 1, 0
;__Lib_MathDouble.c,1046 :: 		
0x07C4	0xBE0E      	BTFSC       R14, 7, 0
;__Lib_MathDouble.c,1047 :: 		
0x07C6	0xF003EFF1  	GOTO        ACOMP32
;__Lib_MathDouble.c,1048 :: 		
0x07CA	0xA0D8      	BTFSS       STATUS, 0, 0
;__Lib_MathDouble.c,1049 :: 		
0x07CC	0xF004EF00  	GOTO        ADDJPNRMRND4032
;__Lib_MathDouble.c,1051 :: 		
0x07D0	0x3202      	RRCF        R2, 1, 0
;__Lib_MathDouble.c,1052 :: 		
0x07D2	0x3201      	RRCF        R1, 1, 0
;__Lib_MathDouble.c,1053 :: 		
0x07D4	0x3200      	RRCF        R0, 1, 0
;__Lib_MathDouble.c,1054 :: 		
0x07D6	0x3208      	RRCF        R8, 1, 0
;__Lib_MathDouble.c,1055 :: 		
0x07D8	0x3E03      	INCFSZ      R3, 1, 0
;__Lib_MathDouble.c,1056 :: 		
0x07DA	0xF004EF00  	GOTO        ADDJPNRMRND4032
;__Lib_MathDouble.c,1057 :: 		
0x07DE	0xF004EF0A  	GOTO        ADDJPSETFOV32
;__Lib_MathDouble.c,1059 :: 		
ACOMP32:
;__Lib_MathDouble.c,1060 :: 		
0x07E2	0xB0D8      	BTFSC       STATUS, 0, 0
;__Lib_MathDouble.c,1061 :: 		
0x07E4	0xF004EF05  	GOTO        ADDJPNRM4032
;__Lib_MathDouble.c,1062 :: 		
0x07E8	0x0E00      	MOVLW       0
;__Lib_MathDouble.c,1063 :: 		
0x07EA	0x1E08      	COMF        R8, 1, 0
;__Lib_MathDouble.c,1064 :: 		
0x07EC	0x1E00      	COMF        R0, 1, 0
;__Lib_MathDouble.c,1065 :: 		
0x07EE	0x1E01      	COMF        R1, 1, 0
;__Lib_MathDouble.c,1066 :: 		
0x07F0	0x1E02      	COMF        R2, 1, 0
;__Lib_MathDouble.c,1067 :: 		
0x07F2	0x2A08      	INCF        R8, 1, 0
;__Lib_MathDouble.c,1068 :: 		
0x07F4	0x2200      	ADDWFC      R0, 1, 0
;__Lib_MathDouble.c,1069 :: 		
0x07F6	0x2201      	ADDWFC      R1, 1, 0
;__Lib_MathDouble.c,1070 :: 		
0x07F8	0x2202      	ADDWFC      R2, 1, 0
;__Lib_MathDouble.c,1071 :: 		
0x07FA	0x7E0A      	BTG         R10, 7, 0
;__Lib_MathDouble.c,1072 :: 		
0x07FC	0xF004EF05  	GOTO        ADDJPNRM4032
;__Lib_MathDouble.c,1074 :: 		
ADDJPNRMRND4032:
;__Lib_MathDouble.c,1075 :: 		
0x0800	0x0E01      	MOVLW       1
;__Lib_MathDouble.c,1076 :: 		
0x0802	0x6E0C      	MOVWF       R12, 0
;__Lib_MathDouble.c,1078 :: 		
0x0804	0xDCD5      	RCALL       _NRM4032
;__Lib_MathDouble.c,1080 :: 		
0x0806	0xF004EF11  	GOTO        ADDEEE
;__Lib_MathDouble.c,1081 :: 		
ADDJPNRM4032:
;__Lib_MathDouble.c,1082 :: 		
0x080A	0x0E02      	MOVLW       2
;__Lib_MathDouble.c,1083 :: 		
0x080C	0x6E0C      	MOVWF       R12, 0
;__Lib_MathDouble.c,1085 :: 		
0x080E	0xDCD0      	RCALL       _NRM4032
;__Lib_MathDouble.c,1087 :: 		
0x0810	0xF004EF11  	GOTO        ADDEEE
;__Lib_MathDouble.c,1088 :: 		
ADDJPSETFOV32:
;__Lib_MathDouble.c,1089 :: 		
0x0814	0x0E04      	MOVLW       4
;__Lib_MathDouble.c,1090 :: 		
0x0816	0x6E0C      	MOVWF       R12, 0
;__Lib_MathDouble.c,1092 :: 		
0x0818	0xDCB8      	RCALL       _SETFOV32
;__Lib_MathDouble.c,1094 :: 		
0x081A	0xF004EF11  	GOTO        ADDEEE
;__Lib_MathDouble.c,1095 :: 		
ADDEOK:
;__Lib_MathDouble.c,1096 :: 		
0x081E	0x0E00      	MOVLW       0
;__Lib_MathDouble.c,1097 :: 		
0x0820	0x6E0C      	MOVWF       R12, 0
;__Lib_MathDouble.c,1098 :: 		
ADDEEE:
;__Lib_MathDouble.c,1105 :: 		
L_end_Add_32x32_FP:
0x0822	0x0012      	RETURN      0
; end of _Add_32x32_FP
_int2double:
;__Lib_MathDouble.c,2285 :: 		
;__Lib_MathDouble.c,2294 :: 		
0x0824	0xF008C000  	MOVFF       R0, R8
;__Lib_MathDouble.c,2295 :: 		
0x0828	0x5001      	MOVF        R1, 0, 0
;__Lib_MathDouble.c,2296 :: 		
0x082A	0x6E00      	MOVWF       R0, 0
;__Lib_MathDouble.c,2297 :: 		
0x082C	0x6A01      	CLRF        R1, 0
;__Lib_MathDouble.c,2298 :: 		
0x082E	0x6A02      	CLRF        R2, 0
;__Lib_MathDouble.c,2299 :: 		
0x0830	0x6A03      	CLRF        R3, 0
;__Lib_MathDouble.c,2302 :: 		
0x0832	0x6A0B      	CLRF        R11, 0
;__Lib_MathDouble.c,2303 :: 		
0x0834	0x6A0C      	CLRF        R12, 0
;__Lib_MathDouble.c,2304 :: 		
0x0836	0x6A01      	CLRF        R1, 0
;__Lib_MathDouble.c,2305 :: 		
0x0838	0x6A02      	CLRF        R2, 0
;__Lib_MathDouble.c,2306 :: 		
0x083A	0x6A03      	CLRF        R3, 0
;__Lib_MathDouble.c,2308 :: 		
0x083C	0x0E96      	MOVLW       150
;__Lib_MathDouble.c,2309 :: 		
0x083E	0x6E03      	MOVWF       R3, 0
;__Lib_MathDouble.c,2310 :: 		
0x0840	0x6A0A      	CLRF        R10, 0
;__Lib_MathDouble.c,2311 :: 		
0x0842	0xAE00      	BTFSS       R0, 7, 0
;__Lib_MathDouble.c,2312 :: 		
0x0844	0xF004EF2A  	GOTO        FLO1632EEE
;__Lib_MathDouble.c,2314 :: 		
0x0848	0x1E08      	COMF        R8, 1, 0
;__Lib_MathDouble.c,2315 :: 		
0x084A	0x1E00      	COMF        R0, 1, 0
;__Lib_MathDouble.c,2317 :: 		
0x084C	0x2A08      	INCF        R8, 1, 0
;__Lib_MathDouble.c,2318 :: 		
0x084E	0xB4D8      	BTFSC       STATUS, 2, 0
;__Lib_MathDouble.c,2319 :: 		
0x0850	0x2A00      	INCF        R0, 1, 0
;__Lib_MathDouble.c,2321 :: 		
0x0852	0x8E0A      	BSF         R10, 7, 0
;__Lib_MathDouble.c,2322 :: 		
FLO1632EEE:
;__Lib_MathDouble.c,2323 :: 		
0x0854	0xF001C000  	MOVFF       R0, R1
;__Lib_MathDouble.c,2324 :: 		
0x0858	0xF000C008  	MOVFF       R8, R0
;__Lib_MathDouble.c,2325 :: 		
0x085C	0x6A08      	CLRF        R8, 0
;__Lib_MathDouble.c,2326 :: 		
0x085E	0x6A02      	CLRF        R2, 0
;__Lib_MathDouble.c,2328 :: 		
0x0860	0xDD98      	RCALL       _NRM3232
;__Lib_MathDouble.c,2329 :: 		
L_end_int2double:
0x0862	0x0012      	RETURN      0
; end of _int2double
___CC2DW:
;__Lib_System.c,21 :: 		
;__Lib_System.c,23 :: 		
_CC2DL_Loop1:
;__Lib_System.c,24 :: 		
0x0864	0x0009      	TBLRD*+
;__Lib_System.c,25 :: 		
0x0866	0xFFE6CFF5  	MOVFF       TABLAT, POSTINC1
;__Lib_System.c,26 :: 		
0x086A	0x0600      	DECF        R0, 1, 0
;__Lib_System.c,27 :: 		
0x086C	0xE1FB      	BNZ         _CC2DL_Loop1
;__Lib_System.c,28 :: 		
0x086E	0x0601      	DECF        R1, 1, 0
;__Lib_System.c,29 :: 		
0x0870	0xE1F9      	BNZ         _CC2DL_Loop1
;__Lib_System.c,31 :: 		
L_end___CC2DW:
0x0872	0x0012      	RETURN      0
; end of ___CC2DW
_UART1_Init:
;__Lib_UART_c67.c,15 :: 		
;__Lib_UART_c67.c,18 :: 		
0x0874	0x0EF6      	MOVLW       _UART1_Write
0x0876	0x6E26      	MOVWF       _UART_Wr_Ptr 
0x0878	0x0E09      	MOVLW       hi_addr(_UART1_Write)
0x087A	0x6E27      	MOVWF       _UART_Wr_Ptr+1 
0x087C	0x0E32      	MOVLW       FARG_UART1_Write_data_
0x087E	0x6E28      	MOVWF       _UART_Wr_Ptr+2 
0x0880	0x0E00      	MOVLW       hi_addr(FARG_UART1_Write_data_)
0x0882	0x6E29      	MOVWF       _UART_Wr_Ptr+3 
;__Lib_UART_c67.c,19 :: 		
0x0884	0x0EFF      	MOVLW       _UART1_Read
0x0886	0x6E2A      	MOVWF       _UART_Rd_Ptr 
0x0888	0x0EFF      	MOVLW       hi_addr(_UART1_Read)
0x088A	0x6E2B      	MOVWF       _UART_Rd_Ptr+1 
0x088C	0x0E00      	MOVLW       0
0x088E	0x6E2C      	MOVWF       _UART_Rd_Ptr+2 
0x0890	0x0E00      	MOVLW       0
0x0892	0x6E2D      	MOVWF       _UART_Rd_Ptr+3 
;__Lib_UART_c67.c,20 :: 		
0x0894	0x0EFF      	MOVLW       _UART1_Data_Ready
0x0896	0x6E2E      	MOVWF       _UART_Rdy_Ptr 
0x0898	0x0EFF      	MOVLW       hi_addr(_UART1_Data_Ready)
0x089A	0x6E2F      	MOVWF       _UART_Rdy_Ptr+1 
0x089C	0x0E00      	MOVLW       0
0x089E	0x6E30      	MOVWF       _UART_Rdy_Ptr+2 
0x08A0	0x0E00      	MOVLW       0
0x08A2	0x6E31      	MOVWF       _UART_Rdy_Ptr+3 
;__Lib_UART_c67.c,21 :: 		
0x08A4	0x0EFF      	MOVLW       _UART1_Tx_Idle
0x08A6	0x6E22      	MOVWF       _UART_Tx_Idle_Ptr 
0x08A8	0x0EFF      	MOVLW       hi_addr(_UART1_Tx_Idle)
0x08AA	0x6E23      	MOVWF       _UART_Tx_Idle_Ptr+1 
0x08AC	0x0E00      	MOVLW       0
0x08AE	0x6E24      	MOVWF       _UART_Tx_Idle_Ptr+2 
0x08B0	0x0E00      	MOVLW       0
0x08B2	0x6E25      	MOVWF       _UART_Tx_Idle_Ptr+3 
;__Lib_UART_c67.c,23 :: 		
0x08B4	0x8AAC      	BSF         TXSTA, 5 
;__Lib_UART_c67.c,24 :: 		
0x08B6	0x0E90      	MOVLW       144
0x08B8	0x6EAB      	MOVWF       RCSTA 
;__Lib_UART_c67.c,25 :: 		
0x08BA	0x8E94      	BSF         TRISC7_bit, BitPos(TRISC7_bit+0) 
;__Lib_UART_c67.c,26 :: 		
0x08BC	0x9C94      	BCF         TRISC6_bit, BitPos(TRISC6_bit+0) 
;__Lib_UART_c67.c,28 :: 		
L_UART1_Init0:
0x08BE	0xAA9E      	BTFSS       PIR1, 5 
0x08C0	0xD003      	BRA         L_UART1_Init1
;__Lib_UART_c67.c,29 :: 		
0x08C2	0xF000CFAE  	MOVFF       RCREG, R0
0x08C6	0xD7FB      	BRA         L_UART1_Init0
L_UART1_Init1:
;__Lib_UART_c67.c,30 :: 		
L_end_UART1_Init:
0x08C8	0x0012      	RETURN      0
; end of _UART1_Init
_Sub_32x32_FP:
;__Lib_MathDouble.c,1113 :: 		
;__Lib_MathDouble.c,1118 :: 		
0x08CA	0x7E06      	BTG         R6, 7, 0
;__Lib_MathDouble.c,1120 :: 		
0x08CC	0xDD9B      	RCALL       _Add_32x32_FP
;__Lib_MathDouble.c,1121 :: 		
L_end_Sub_32x32_FP:
0x08CE	0x0012      	RETURN      0
; end of _Sub_32x32_FP
_Mul_32x32_FP:
;__Lib_MathDouble.c,1130 :: 		
;__Lib_MathDouble.c,1148 :: 		
0x08D0	0x6A08      	CLRF        R8, 0
;__Lib_MathDouble.c,1149 :: 		
0x08D2	0x6A09      	CLRF        R9, 0
;__Lib_MathDouble.c,1151 :: 		
0x08D4	0x0E00      	MOVLW       0
;__Lib_MathDouble.c,1152 :: 		
0x08D6	0x6207      	CPFSEQ      R7, 0
;__Lib_MathDouble.c,1153 :: 		
0x08D8	0x6403      	CPFSGT      R3, 0
;__Lib_MathDouble.c,1154 :: 		
0x08DA	0xF004EFED  	GOTO        MULJPRES032
;__Lib_MathDouble.c,1157 :: 		
0x08DE	0x5002      	MOVF        R2, 0, 0
;__Lib_MathDouble.c,1158 :: 		
0x08E0	0x1806      	XORWF       R6, 0, 0
;__Lib_MathDouble.c,1159 :: 		
0x08E2	0x6E0A      	MOVWF       R10, 0
;__Lib_MathDouble.c,1161 :: 		
0x08E4	0x5007      	MOVF        R7, 0, 0
;__Lib_MathDouble.c,1162 :: 		
0x08E6	0x2603      	ADDWF       R3, 1, 0
;__Lib_MathDouble.c,1163 :: 		
0x08E8	0x0E7E      	MOVLW       126
;__Lib_MathDouble.c,1164 :: 		
0x08EA	0xA0D8      	BTFSS       STATUS, 0, 0
;__Lib_MathDouble.c,1165 :: 		
0x08EC	0xF004EF7E  	GOTO        MTUN32
;__Lib_MathDouble.c,1167 :: 		
0x08F0	0x5E03      	SUBWF       R3, 1, 0
;__Lib_MathDouble.c,1168 :: 		
0x08F2	0xB0D8      	BTFSC       STATUS, 0, 0
;__Lib_MathDouble.c,1169 :: 		
0x08F4	0xF004EFF2  	GOTO        MULJPSETFOV32
;__Lib_MathDouble.c,1170 :: 		
0x08F8	0xF004EF82  	GOTO        MOK32
;__Lib_MathDouble.c,1172 :: 		
MTUN32:
;__Lib_MathDouble.c,1173 :: 		
0x08FC	0x5E03      	SUBWF       R3, 1, 0
;__Lib_MathDouble.c,1174 :: 		
0x08FE	0xA0D8      	BTFSS       STATUS, 0, 0
;__Lib_MathDouble.c,1175 :: 		
0x0900	0xF004EFF7  	GOTO        MULJPSETFUN32
;__Lib_MathDouble.c,1177 :: 		
MOK32:
;__Lib_MathDouble.c,1178 :: 		
0x0904	0x8E02      	BSF         R2, 7, 0
;__Lib_MathDouble.c,1179 :: 		
0x0906	0x8E06      	BSF         R6, 7, 0
;__Lib_MathDouble.c,1181 :: 		
0x0908	0xF00EC002  	MOVFF       R2, R14
;__Lib_MathDouble.c,1182 :: 		
0x090C	0xF00BC001  	MOVFF       R1, R11
;__Lib_MathDouble.c,1183 :: 		
0x0910	0xF00DC000  	MOVFF       R0, R13
;__Lib_MathDouble.c,1185 :: 		
0x0914	0x5000      	MOVF        R0, 0, 0
;__Lib_MathDouble.c,1186 :: 		
0x0916	0x0204      	MULWF       R4, 0
;__Lib_MathDouble.c,1187 :: 		
0x0918	0xF00CCFF4  	MOVFF       PRODH, R12
;__Lib_MathDouble.c,1189 :: 		
0x091C	0x5001      	MOVF        R1, 0, 0
;__Lib_MathDouble.c,1190 :: 		
0x091E	0x0205      	MULWF       R5, 0
;__Lib_MathDouble.c,1191 :: 		
0x0920	0xF000CFF4  	MOVFF       PRODH, R0
;__Lib_MathDouble.c,1192 :: 		
0x0924	0xF008CFF3  	MOVFF       PRODL, R8
;__Lib_MathDouble.c,1194 :: 		
0x0928	0x0204      	MULWF       R4, 0
;__Lib_MathDouble.c,1195 :: 		
0x092A	0x50F3      	MOVF        PRODL, 0, 0
;__Lib_MathDouble.c,1196 :: 		
0x092C	0x260C      	ADDWF       R12, 1, 0
;__Lib_MathDouble.c,1197 :: 		
0x092E	0x50F4      	MOVF        PRODH, 0, 0
;__Lib_MathDouble.c,1198 :: 		
0x0930	0x2208      	ADDWFC      R8, 1, 0
;__Lib_MathDouble.c,1199 :: 		
0x0932	0x0E00      	MOVLW       0
;__Lib_MathDouble.c,1200 :: 		
0x0934	0x2200      	ADDWFC      R0, 1, 0
;__Lib_MathDouble.c,1202 :: 		
0x0936	0x500D      	MOVF        R13, 0, 0
;__Lib_MathDouble.c,1203 :: 		
0x0938	0x0205      	MULWF       R5, 0
;__Lib_MathDouble.c,1204 :: 		
0x093A	0x50F3      	MOVF        PRODL, 0, 0
;__Lib_MathDouble.c,1205 :: 		
0x093C	0x260C      	ADDWF       R12, 1, 0
;__Lib_MathDouble.c,1206 :: 		
0x093E	0x50F4      	MOVF        PRODH, 0, 0
;__Lib_MathDouble.c,1207 :: 		
0x0940	0x2208      	ADDWFC      R8, 1, 0
;__Lib_MathDouble.c,1208 :: 		
0x0942	0x0E00      	MOVLW       0
;__Lib_MathDouble.c,1209 :: 		
0x0944	0x2200      	ADDWFC      R0, 1, 0
;__Lib_MathDouble.c,1211 :: 		
0x0946	0x5002      	MOVF        R2, 0, 0
;__Lib_MathDouble.c,1212 :: 		
0x0948	0x0204      	MULWF       R4, 0
;__Lib_MathDouble.c,1213 :: 		
0x094A	0x50F3      	MOVF        PRODL, 0, 0
;__Lib_MathDouble.c,1214 :: 		
0x094C	0x2608      	ADDWF       R8, 1, 0
;__Lib_MathDouble.c,1215 :: 		
0x094E	0x50F4      	MOVF        PRODH, 0, 0
;__Lib_MathDouble.c,1216 :: 		
0x0950	0x2200      	ADDWFC      R0, 1, 0
;__Lib_MathDouble.c,1217 :: 		
0x0952	0x5002      	MOVF        R2, 0, 0
;__Lib_MathDouble.c,1218 :: 		
0x0954	0x0205      	MULWF       R5, 0
;__Lib_MathDouble.c,1219 :: 		
0x0956	0x6A01      	CLRF        R1, 0
;__Lib_MathDouble.c,1220 :: 		
0x0958	0x0E00      	MOVLW       0
;__Lib_MathDouble.c,1221 :: 		
0x095A	0x2201      	ADDWFC      R1, 1, 0
;__Lib_MathDouble.c,1222 :: 		
0x095C	0x50F3      	MOVF        PRODL, 0, 0
;__Lib_MathDouble.c,1223 :: 		
0x095E	0x2600      	ADDWF       R0, 1, 0
;__Lib_MathDouble.c,1224 :: 		
0x0960	0x50F4      	MOVF        PRODH, 0, 0
;__Lib_MathDouble.c,1225 :: 		
0x0962	0x2201      	ADDWFC      R1, 1, 0
;__Lib_MathDouble.c,1227 :: 		
0x0964	0x500D      	MOVF        R13, 0, 0
;__Lib_MathDouble.c,1228 :: 		
0x0966	0x0206      	MULWF       R6, 0
;__Lib_MathDouble.c,1229 :: 		
0x0968	0x50F3      	MOVF        PRODL, 0, 0
;__Lib_MathDouble.c,1230 :: 		
0x096A	0x2608      	ADDWF       R8, 1, 0
;__Lib_MathDouble.c,1231 :: 		
0x096C	0x50F4      	MOVF        PRODH, 0, 0
;__Lib_MathDouble.c,1232 :: 		
0x096E	0x2200      	ADDWFC      R0, 1, 0
;__Lib_MathDouble.c,1233 :: 		
0x0970	0x6A02      	CLRF        R2, 0
;__Lib_MathDouble.c,1234 :: 		
0x0972	0x0E00      	MOVLW       0
;__Lib_MathDouble.c,1235 :: 		
0x0974	0x2201      	ADDWFC      R1, 1, 0
;__Lib_MathDouble.c,1236 :: 		
0x0976	0x2202      	ADDWFC      R2, 1, 0
;__Lib_MathDouble.c,1238 :: 		
0x0978	0x500B      	MOVF        R11, 0, 0
;__Lib_MathDouble.c,1239 :: 		
0x097A	0x0206      	MULWF       R6, 0
;__Lib_MathDouble.c,1240 :: 		
0x097C	0x50F3      	MOVF        PRODL, 0, 0
;__Lib_MathDouble.c,1241 :: 		
0x097E	0x2600      	ADDWF       R0, 1, 0
;__Lib_MathDouble.c,1242 :: 		
0x0980	0x50F4      	MOVF        PRODH, 0, 0
;__Lib_MathDouble.c,1243 :: 		
0x0982	0x2201      	ADDWFC      R1, 1, 0
;__Lib_MathDouble.c,1244 :: 		
0x0984	0x0E00      	MOVLW       0
;__Lib_MathDouble.c,1245 :: 		
0x0986	0x2202      	ADDWFC      R2, 1, 0
;__Lib_MathDouble.c,1247 :: 		
0x0988	0x500E      	MOVF        R14, 0, 0
;__Lib_MathDouble.c,1248 :: 		
0x098A	0x0206      	MULWF       R6, 0
;__Lib_MathDouble.c,1249 :: 		
0x098C	0x50F3      	MOVF        PRODL, 0, 0
;__Lib_MathDouble.c,1250 :: 		
0x098E	0x2601      	ADDWF       R1, 1, 0
;__Lib_MathDouble.c,1251 :: 		
0x0990	0x50F4      	MOVF        PRODH, 0, 0
;__Lib_MathDouble.c,1252 :: 		
0x0992	0x2202      	ADDWFC      R2, 1, 0
;__Lib_MathDouble.c,1254 :: 		
0x0994	0xBE02      	BTFSC       R2, 7, 0
;__Lib_MathDouble.c,1255 :: 		
0x0996	0xF004EFD5  	GOTO        MROUND32
;__Lib_MathDouble.c,1256 :: 		
0x099A	0x3608      	RLCF        R8, 1, 0
;__Lib_MathDouble.c,1257 :: 		
0x099C	0x3600      	RLCF        R0, 1, 0
;__Lib_MathDouble.c,1258 :: 		
0x099E	0x3601      	RLCF        R1, 1, 0
;__Lib_MathDouble.c,1259 :: 		
0x09A0	0x3602      	RLCF        R2, 1, 0
;__Lib_MathDouble.c,1260 :: 		
0x09A2	0x0603      	DECF        R3, 1, 0
;__Lib_MathDouble.c,1261 :: 		
0x09A4	0xB4D8      	BTFSC       STATUS, 2, 0
;__Lib_MathDouble.c,1262 :: 		
0x09A6	0xF004EFF7  	GOTO        MULJPSETFUN32
;__Lib_MathDouble.c,1264 :: 		
MROUND32:
;__Lib_MathDouble.c,1267 :: 		
0x09AA	0xF004EFE8  	GOTO        MUL32OK
;__Lib_MathDouble.c,1268 :: 		
0x09AE	0x80D8      	BSF         STATUS, 0, 0
;__Lib_MathDouble.c,1269 :: 		
0x09B0	0x0E80      	MOVLW       128
;__Lib_MathDouble.c,1270 :: 		
0x09B2	0x6408      	CPFSGT      R8, 0
;__Lib_MathDouble.c,1271 :: 		
0x09B4	0x3000      	RRCF        R0, 0, 0
;__Lib_MathDouble.c,1272 :: 		
0x09B6	0x0E00      	MOVLW       0
;__Lib_MathDouble.c,1273 :: 		
0x09B8	0x2200      	ADDWFC      R0, 1, 0
;__Lib_MathDouble.c,1274 :: 		
0x09BA	0x2201      	ADDWFC      R1, 1, 0
;__Lib_MathDouble.c,1275 :: 		
0x09BC	0x2202      	ADDWFC      R2, 1, 0
;__Lib_MathDouble.c,1277 :: 		
0x09BE	0xA0D8      	BTFSS       STATUS, 0, 0
;__Lib_MathDouble.c,1278 :: 		
0x09C0	0xF004EFE8  	GOTO        MUL32OK
;__Lib_MathDouble.c,1279 :: 		
0x09C4	0x3202      	RRCF        R2, 1, 0
;__Lib_MathDouble.c,1280 :: 		
0x09C6	0x3201      	RRCF        R1, 1, 0
;__Lib_MathDouble.c,1281 :: 		
0x09C8	0x3200      	RRCF        R0, 1, 0
;__Lib_MathDouble.c,1282 :: 		
0x09CA	0x4A03      	INFSNZ      R3, 1, 0
;__Lib_MathDouble.c,1283 :: 		
0x09CC	0xF004EFF2  	GOTO        MULJPSETFOV32
;__Lib_MathDouble.c,1285 :: 		
MUL32OK:
;__Lib_MathDouble.c,1286 :: 		
0x09D0	0xAE0A      	BTFSS       R10, 7, 0
;__Lib_MathDouble.c,1287 :: 		
0x09D2	0x9E02      	BCF         R2, 7, 0
;__Lib_MathDouble.c,1289 :: 		
0x09D4	0x0E00      	MOVLW       0
;__Lib_MathDouble.c,1290 :: 		
0x09D6	0xF004EFFA  	GOTO        MULEEE
;__Lib_MathDouble.c,1291 :: 		
MULJPRES032:
;__Lib_MathDouble.c,1292 :: 		
0x09DA	0x0E01      	MOVLW       1
;__Lib_MathDouble.c,1295 :: 		
0x09DC	0xF000ECD1  	CALL        _RES032, 0
;__Lib_MathDouble.c,1297 :: 		
0x09E0	0xF004EFFA  	GOTO        MULEEE
;__Lib_MathDouble.c,1298 :: 		
MULJPSETFOV32:
;__Lib_MathDouble.c,1299 :: 		
0x09E4	0x0E02      	MOVLW       2
;__Lib_MathDouble.c,1302 :: 		
0x09E6	0xF000ECC5  	CALL        _SETFOV32, 0
;__Lib_MathDouble.c,1304 :: 		
0x09EA	0xF004EFFA  	GOTO        MULEEE
;__Lib_MathDouble.c,1305 :: 		
MULJPSETFUN32:
;__Lib_MathDouble.c,1306 :: 		
0x09EE	0x0E04      	MOVLW       4
;__Lib_MathDouble.c,1309 :: 		
0x09F0	0xF000ECB8  	CALL        _SETFUN32, 0
;__Lib_MathDouble.c,1311 :: 		
MULEEE:
;__Lib_MathDouble.c,1318 :: 		
L_end_Mul_32x32_FP:
0x09F4	0x0012      	RETURN      0
; end of _Mul_32x32_FP
_UART1_Write:
;__Lib_UART_c67.c,58 :: 		
;__Lib_UART_c67.c,59 :: 		
L_UART1_Write3:
0x09F6	0xB2AC      	BTFSC       TXSTA, 1 
0x09F8	0xD002      	BRA         L_UART1_Write4
;__Lib_UART_c67.c,60 :: 		
0x09FA	0x0000      	NOP
0x09FC	0xD7FC      	BRA         L_UART1_Write3
L_UART1_Write4:
;__Lib_UART_c67.c,61 :: 		
0x09FE	0xFFADC032  	MOVFF       FARG_UART1_Write_data_, TXREG
;__Lib_UART_c67.c,62 :: 		
L_end_UART1_Write:
0x0A02	0x0012      	RETURN      0
; end of _UART1_Write
_main:
;Emisor.c,35 :: 		void main() {
;Emisor.c,36 :: 		TRISA.B0 = 1;
0x0A04	0x8092      	BSF         TRISA, 0 
;Emisor.c,38 :: 		ADCON0 = 0x01; //AN0
0x0A06	0x0E01      	MOVLW       1
0x0A08	0x6EC2      	MOVWF       ADCON0 
;Emisor.c,39 :: 		ADCON1 = 0;
0x0A0A	0x6AC1      	CLRF        ADCON1 
;Emisor.c,40 :: 		ADCON2 = 0x83;
0x0A0C	0x0E83      	MOVLW       131
0x0A0E	0x6EC0      	MOVWF       ADCON2 
;Emisor.c,43 :: 		T0CON = 0x85; //1100X0101 -> Modo 16Bits; PRE = 64
0x0A10	0x0E85      	MOVLW       133
0x0A12	0x6ED5      	MOVWF       T0CON 
;Emisor.c,44 :: 		INTCON.TMR0IF = 0; //Se pone flag a 0
0x0A14	0x94F2      	BCF         INTCON, 2 
;Emisor.c,45 :: 		INTCON.TMR0IE = 1; //Se habilita interrrupcion Timer0
0x0A16	0x8AF2      	BSF         INTCON, 5 
;Emisor.c,47 :: 		PIR1.ADIF = 0; //flag a 0
0x0A18	0x9C9E      	BCF         PIR1, 6 
;Emisor.c,48 :: 		PIE1.ADIE = 1; //interrupcion de convertidor A/D
0x0A1A	0x8C9D      	BSF         PIE1, 6 
;Emisor.c,49 :: 		INTCON.PEIE = 1; //interrupciones perifericas
0x0A1C	0x8CF2      	BSF         INTCON, 6 
;Emisor.c,50 :: 		INTCON.GIE = 1; // Se habilitan las interrupciones en general
0x0A1E	0x8EF2      	BSF         INTCON, 7 
;Emisor.c,52 :: 		UART1_Init(9600);
0x0A20	0x86B8      	BSF         BAUDCON, 3, 0
0x0A22	0x6AB0      	CLRF        SPBRGH 
0x0A24	0x0ECF      	MOVLW       207
0x0A26	0x6EAF      	MOVWF       SPBRG 
0x0A28	0x84AC      	BSF         TXSTA, 2, 0
0x0A2A	0xDF24      	RCALL       _UART1_Init
;Emisor.c,53 :: 		delay_ms(300);
0x0A2C	0x0E04      	MOVLW       4
0x0A2E	0x6E0B      	MOVWF       R11, 0
0x0A30	0x0E0C      	MOVLW       12
0x0A32	0x6E0C      	MOVWF       R12, 0
0x0A34	0x0E33      	MOVLW       51
0x0A36	0x6E0D      	MOVWF       R13, 0
L_main6:
0x0A38	0x2E0D      	DECFSZ      R13, 1, 0
0x0A3A	0xD7FE      	BRA         L_main6
0x0A3C	0x2E0C      	DECFSZ      R12, 1, 0
0x0A3E	0xD7FC      	BRA         L_main6
0x0A40	0x2E0B      	DECFSZ      R11, 1, 0
0x0A42	0xD7FA      	BRA         L_main6
0x0A44	0x0000      	NOP
0x0A46	0x0000      	NOP
;Emisor.c,55 :: 		TMR0H = (18661>>8); //1,5seg
0x0A48	0x0E48      	MOVLW       72
0x0A4A	0x6ED7      	MOVWF       TMR0H 
;Emisor.c,56 :: 		TMR0L = 18661;
0x0A4C	0x0EE5      	MOVLW       229
0x0A4E	0x6ED6      	MOVWF       TMR0L 
;Emisor.c,58 :: 		while(1);
L_main7:
0x0A50	0xD7FF      	BRA         L_main7
;Emisor.c,60 :: 		}
L_end_main:
0x0A52	0xD7FF      	BRA         $+0
; end of _main
Symbol List:
//** Routines locations **
//ADDRESS    SIZE    PROCEDURE
//----------------------------------------------
0x0008     [352]    _interrupt
0x0168       [8]    _FIXSIGN32
0x0170      [26]    _SETFUN32
0x018A      [24]    _SETFOV32
0x01A2      [14]    _RES032
0x01B0     [482]    _NRM4032
0x0392     [114]    _NRM3232
0x0404    [1056]    _Add_32x32_FP
0x0824      [64]    _int2double
0x0864      [16]    ___CC2DW
0x0874      [86]    _UART1_Init
0x08CA       [6]    _Sub_32x32_FP
0x08D0     [294]    _Mul_32x32_FP
0x09F6      [14]    _UART1_Write
0x0A04      [80]    _main
//** Variables locations ** 
//ADDRESS    SIZE    VARIABLE
//----------------------------------------------
0x0000       [1]    EEPROM_Write_SaveINTCON_L0
0x0000       [1]    __Lib_SoftI2C_PutZerosToLATSda_temp_sda_L0
0x0000       [1]    __Lib_SoftI2C_PutZerosToLATScl_temp_scl_L0
0x0000       [1]    FLASH_Erase_64_SaveINTCON_L0
0x0000       [1]    UART1_Init_tmp_L0
0x0000       [1]    R0
0x0000       [1]    SPI1_Write_tmp_L0
0x0001       [1]    FLASH_Erase_Write_64_i_L0
0x0001       [2]    FLASH_Read_N_Bytes_i_L0
0x0001       [1]    FLASH_Write_32_i_L0
0x0001       [1]    __Lib_TFT_16bit_JPEG_FileReadBytes_Result_L0
0x0001       [1]    __Lib_TFT_JPEG_FileRead_i_L0
0x0001       [1]    __Lib_USB_genHID_?FLOC____Lib_USB_genHID_USB_Handle_BusyT1
0x0001       [1]    __Lib_PS2_Wait_Falling_nsample_L0
0x0001       [1]    ispunct_rslt_L0
0x0001       [1]    UART1_Read___tmp_UART1_Read_L0
0x0001       [1]    __Lib_TFT_16bit_JPEG_FileRead_i_L0
0x0001       [1]    __Lib_TFT_JPEG_FileReadBytes_Result_L0
0x0001       [1]    R1
0x0002       [2]    __Lib_FT812_alt_memset_pp_L0
0x0002       [2]    __Lib_FT812_alt_strlen_cp_L0
0x0002       [2]    __Lib_FT810_alt_memcpy_dd_L0
0x0002       [1]    __Lib_USB_genHID_USB_CtrlTrf_Rx_Service_byteToRead_L0
0x0002       [2]    __Lib_FT810_alt_memset_pp_L0
0x0002       [2]    __Lib_FT812_alt_memcpy_dd_L0
0x0002       [2]    __Lib_FT800_alt_memcpy_dd_L0
0x0002       [2]    __Lib_FT810_alt_strlen_cp_L0
0x0002       [2]    __Lib_FT800_alt_strlen_cp_L0
0x0002       [1]    R2
0x0002       [2]    memchr_s_L0
0x0002       [2]    memset_pp_L0
0x0002       [1]    FLASH_Write_32_SaveINTCON_L0
0x0002       [2]    strlen_cp_L0
0x0002       [1]    FLASH_Erase_Write_64_j_L0
0x0002       [2]    memcpy_dd_L0
0x0002       [2]    __Lib_FT800_alt_memset_pp_L0
0x0003       [1]    FLASH_Erase_Write_64_SaveINTCON_L0
0x0003       [1]    R3
0x0003       [4]    FT812_Canvas_SurrRect_minX_L0
0x0003       [1]    __Lib_Sprinti_?FLOC____Lib_Sprinti_Do_FillT29
0x0003       [2]    __Lib_MmcFat16_f16_toInt_l_L0
0x0003       [4]    FT800_Canvas_SurrRect_minX_L0
0x0003       [1]    __Lib_USB_genHID_USB_CtrlTrf_Rx_Service_i_L0
0x0003       [1]    MM_Init_i_L0
0x0003       [2]    __Lib_USB_genHID_USB_CtrlTrf_Tx_Service_byteToSend_L0
0x0003       [2]    memmove_tt_L0
0x0003       [4]    FT810_Canvas_SurrRect_minX_L0
0x0003       [2]    Ltrim_original_L0
0x0003       [2]    MM_TotalFreeMemSize_Tot_L0
0x0004       [2]    __Lib_USB_genHID_USB_Transfer_Packet_handle_L0
0x0004       [1]    R4
0x0004       [2]    __Lib_FT812_alt_memcpy_ss_L0
0x0004       [2]    __Lib_MemManager_MM_GetMemAlign_P_L0
0x0004       [1]    __Lib_USB_genHID_GetMaxIndexInDevDsc_index_L0
0x0004       [2]    frexp_pom_L0
0x0004       [3]    __Lib_FT812_alt_strlen_const_cp_L0
0x0004       [2]    strncat_cp_L0
0x0004       [2]    __Lib_FT810_alt_memcpy_ss_L0
0x0004       [3]    __Lib_FT810_alt_strlen_const_cp_L0
0x0004       [2]    strcat_cp_L0
0x0004       [2]    strcpy_cp_L0
0x0004       [2]    memcpy_ss_L0
0x0004       [3]    __Lib_FT800_alt_strlen_const_cp_L0
0x0004       [2]    __Lib_FT800_alt_memcpy_ss_L0
0x0004       [2]    __Lib_USB_genHID_USB_Std_Feature_Req_Handler_p_L0
0x0004       [1]    __Lib_Sprinti_?FLOC____Lib_Sprinti_Do_FillT40
0x0004       [2]    __Lib_USB_genHID_USB_Get_Status_Handler_p_L2
0x0004       [2]    strncpy_cp_L0
0x0005       [2]    LongIntToHex_input_half_L0
0x0005       [1]    R5
0x0005       [1]    MM_TotalFreeMemSize_i_L0
0x0005       [2]    Ltrim_p_L0
0x0005       [1]    __Lib_Sprinti_?FLOC____Lib_Sprinti_Do_FillT54
0x0005       [2]    LongWordToHex_input_half_L0
0x0005       [2]    memmove_ff_L0
0x0006       [1]    __Lib_Sprinti_?FLOC____Lib_Sprinti_Do_FillT69
0x0006       [1]    __Lib_MemManager_MM_GetMemAlign_i_L0
0x0006       [2]    __Lib_USB_genHID_GetMaxIndexInConfigDsc_totalLen_L0
0x0006       [1]    R6
0x0007       [1]    __Lib_TFT_JPEG_GenerateHuffmanTables_bLength_L0
0x0007       [4]    FT800_Canvas_SurrRect_minY_L0
0x0007       [4]    FT810_Canvas_SurrRect_minY_L0
0x0007       [4]    FT812_Canvas_SurrRect_minY_L0
0x0007       [1]    __Lib_TFT_16bit_JPEG_GenerateHuffmanTables_bLength_L0
0x0007       [1]    R7
0x0008       [3]    __Lib_USB_genHID_GetMaxIndexInConfigDsc_ptr_L0
0x0008       [1]    __Lib_TFT_JPEG_GenerateHuffmanTables_bTable_L0
0x0008       [1]    R8
0x0008       [1]    __Lib_TFT_16bit_JPEG_GenerateHuffmanTables_bTable_L0
0x0009       [1]    R9
0x0009       [4]    __Lib_MmcFat16_f16_toLong_l_L0
0x000A       [1]    R10
0x000B       [1]    R11
0x000B       [4]    FT800_Canvas_SurrRect_maxX_L0
0x000B       [4]    FT812_Canvas_SurrRect_maxX_L0
0x000B       [4]    FT810_Canvas_SurrRect_maxX_L0
0x000C       [1]    R12
0x000D       [1]    R13
0x000E       [1]    R14
0x000F       [4]    FT812_Canvas_SurrRect_maxY_L0
0x000F       [4]    FT800_Canvas_SurrRect_maxY_L0
0x000F       [4]    FT810_Canvas_SurrRect_maxY_L0
0x000F       [1]    R15
0x0010       [1]    R16
0x0011       [1]    R17
0x0012       [1]    R18
0x0013       [1]    R19
0x0014       [1]    R20
0x001A       [2]    _valor
0x001C       [4]    _temperatura
0x0020       [2]    _puntero
0x0022       [4]    _UART_Tx_Idle_Ptr
0x0026       [4]    _UART_Wr_Ptr
0x002A       [4]    _UART_Rd_Ptr
0x002E       [4]    _UART_Rdy_Ptr
0x0032       [1]    FARG_UART1_Write_data_
0x0F92       [1]    TRISA
0x0F94       [0]    TRISC6_bit
0x0F94       [0]    TRISC7_bit
0x0F9D       [1]    PIE1
0x0F9E       [1]    PIR1
0x0FAB       [1]    RCSTA
0x0FAC       [1]    TXSTA
0x0FAD       [1]    TXREG
0x0FAE       [1]    RCREG
0x0FAF       [1]    SPBRG
0x0FB0       [1]    SPBRGH
0x0FB8       [1]    BAUDCON
0x0FC0       [1]    ADCON2
0x0FC1       [1]    ADCON1
0x0FC2       [1]    ADCON0
0x0FC3       [1]    ADRESL
0x0FC4       [1]    ADRESH
0x0FD5       [1]    T0CON
0x0FD6       [1]    TMR0L
0x0FD7       [1]    TMR0H
0x0FD8       [1]    STATUS
0x0FD9       [1]    FSR2L
0x0FDA       [1]    FSR2H
0x0FDE       [1]    POSTINC2
0x0FE0       [1]    BSR
0x0FE1       [1]    FSR1L
0x0FE2       [1]    FSR1H
0x0FE4       [1]    PREINC1
0x0FE6       [1]    POSTINC1
0x0FE7       [1]    INDF1
0x0FE8       [1]    WREG
0x0FE9       [1]    FSR0L
0x0FEA       [1]    FSR0H
0x0FEE       [1]    POSTINC0
0x0FF2       [1]    INTCON
0x0FF3       [1]    PRODL
0x0FF4       [1]    PRODH
0x0FF5       [1]    TABLAT
0x0FF6       [1]    TBLPTRL
0x0FF7       [1]    TBLPTRH
0x0FF8       [1]    TBLPTRU
